#
# There is insufficient memory for the Java Runtime Environment to continue.
# Native memory allocation (mmap) failed to map 1048576 bytes for G1 virtual space
# Possible reasons:
#   The system is out of physical RAM or swap space
#   The process is running with CompressedOops enabled, and the Java Heap may be blocking the growth of the native heap
# Possible solutions:
#   Reduce memory load on the system
#   Increase physical memory or swap space
#   Check if swap backing store is full
#   Decrease Java heap size (-Xmx/-Xms)
#   Decrease number of Java threads
#   Decrease Java thread stack sizes (-Xss)
#   Set larger code cache with -XX:ReservedCodeCacheSize=
#   JVM is running with Unscaled Compressed Oops mode in which the Java heap is
#     placed in the first 4GB address space. The Java Heap base address is the
#     maximum limit for the native heap growth. Please use -XX:HeapBaseMinAddress
#     to set the Java Heap base and to place the Java Heap above 4GB virtual address.
# This output file may be truncated or incomplete.
#
#  Out of Memory Error (os_windows.cpp:3825), pid=13708, tid=13444
#
# JRE version: OpenJDK Runtime Environment (17.0.9) (build 17.0.9+0--11185874)
# Java VM: OpenJDK 64-Bit Server VM (17.0.9+0--11185874, mixed mode, tiered, compressed oops, compressed class ptrs, g1 gc, windows-amd64)
# No core dump will be written. Minidumps are not enabled by default on client versions of Windows
#

---------------  S U M M A R Y ------------

Command Line: --add-opens=java.base/java.util=ALL-UNNAMED --add-opens=java.base/java.lang=ALL-UNNAMED --add-opens=java.base/java.lang.invoke=ALL-UNNAMED --add-opens=java.prefs/java.util.prefs=ALL-UNNAMED --add-opens=java.base/java.nio.charset=ALL-UNNAMED --add-opens=java.base/java.net=ALL-UNNAMED --add-opens=java.base/java.util.concurrent.atomic=ALL-UNNAMED -Xmx2048m -Dfile.encoding=UTF-8 -Duser.country=ES -Duser.language=es -Duser.variant org.gradle.launcher.daemon.bootstrap.GradleDaemon 8.0

Host: Intel(R) Core(TM) i5-1035G1 CPU @ 1.00GHz, 8 cores, 7G,  Windows 11 , 64 bit Build 22621 (10.0.22621.3672)
Time: Fri Jun 21 12:08:04 2024 Hora est. Pacífico, Sudamérica elapsed time: 9.918339 seconds (0d 0h 0m 9s)

---------------  T H R E A D  ---------------

Current thread (0x00000291dc013330):  VMThread "VM Thread" [stack: 0x000000cb2c200000,0x000000cb2c300000] [id=13444]

Stack: [0x000000cb2c200000,0x000000cb2c300000]
Native frames: (J=compiled Java code, j=interpreted, Vv=VM code, C=native code)
V  [jvm.dll+0x6886e9]
V  [jvm.dll+0x841e4a]
V  [jvm.dll+0x843a8e]
V  [jvm.dll+0x8440f3]
V  [jvm.dll+0x24c14f]
V  [jvm.dll+0x685499]
V  [jvm.dll+0x679c2a]
V  [jvm.dll+0x30cf9b]
V  [jvm.dll+0x314446]
V  [jvm.dll+0x36425e]
V  [jvm.dll+0x36448f]
V  [jvm.dll+0x2e2d68]
V  [jvm.dll+0x2e5e56]
V  [jvm.dll+0x2f066a]
V  [jvm.dll+0x325610]
V  [jvm.dll+0x8487eb]
V  [jvm.dll+0x849531]
V  [jvm.dll+0x849a4d]
V  [jvm.dll+0x849e24]
V  [jvm.dll+0x849ef0]
V  [jvm.dll+0x7f06aa]
V  [jvm.dll+0x687565]
C  [ucrtbase.dll+0x29333]
C  [KERNEL32.DLL+0x1257d]
C  [ntdll.dll+0x5aa48]

VM_Operation (0x000000cb2beff790): G1PauseRemark, mode: safepoint, requested by thread 0x00000291bc0c68f0


---------------  P R O C E S S  ---------------

Threads class SMR info:
_java_thread_list=0x00000291e1100020, length=124, elements={
0x00000291bc05a780, 0x00000291d7e7d8d0, 0x00000291d7e7e490, 0x00000291dc04afb0,
0x00000291dc04b980, 0x00000291dc04c540, 0x00000291dc050f20, 0x00000291dc053740,
0x00000291dc05fcb0, 0x00000291dc068e80, 0x00000291dc203010, 0x00000291dc2034f0,
0x00000291de396850, 0x00000291dd7652f0, 0x00000291de41be20, 0x00000291dd18c7e0,
0x00000291de3d99f0, 0x00000291dde04a90, 0x00000291de54c6d0, 0x00000291ddc0ecf0,
0x00000291ddc0f710, 0x00000291ddc0d8b0, 0x00000291ddc10b50, 0x00000291ddc0e7e0,
0x00000291ddc0d3a0, 0x00000291ddc0f200, 0x00000291ddc10640, 0x00000291ddc0fc20,
0x00000291ddc10130, 0x00000291ddc0ddc0, 0x00000291de3be5c0, 0x00000291de3bbd40,
0x00000291de3befe0, 0x00000291de3bcc70, 0x00000291de3bead0, 0x00000291de3bf4f0,
0x00000291de3ba3f0, 0x00000291de3b9ee0, 0x00000291de3bb830, 0x00000291de3bd690,
0x00000291de3b8aa0, 0x00000291de3bae10, 0x00000291de3bfa00, 0x00000291de3bc250,
0x00000291de3bc760, 0x00000291de3be0b0, 0x00000291de3b8590, 0x00000291de3b8fb0,
0x00000291de3b94c0, 0x00000291de3b99d0, 0x00000291e0c10920, 0x00000291e0c0e5b0,
0x00000291e0c10e30, 0x00000291e0c0eac0, 0x00000291e0c0f4e0, 0x00000291e0c0f9f0,
0x00000291e0c0ff00, 0x00000291e0c11340, 0x00000291e0c0efd0, 0x00000291e0c11850,
0x00000291e0c10410, 0x00000291e0c0e0a0, 0x00000291e22f9230, 0x00000291e22f73d0,
0x00000291e22f8810, 0x00000291e22fa160, 0x00000291e22f6ec0, 0x00000291e22f69b0,
0x00000291e22f8300, 0x00000291e22fa670, 0x00000291e22f9740, 0x00000291e22f5f90,
0x00000291e22f8d20, 0x00000291e22f64a0, 0x00000291e22f7df0, 0x00000291e22f9c50,
0x00000291e22f78e0, 0x00000291e22fbfc0, 0x00000291e22fab80, 0x00000291e22fb090,
0x00000291e22fb5a0, 0x00000291e22fbab0, 0x00000291e22fc4d0, 0x00000291e22f5060,
0x00000291e22fc9e0, 0x00000291e22f5570, 0x00000291e22f5a80, 0x00000291e14cdd90,
0x00000291e14cce60, 0x00000291e14cc950, 0x00000291e14cb000, 0x00000291e14c7340,
0x00000291e14c9bc0, 0x00000291e14cd880, 0x00000291e14ca0d0, 0x00000291e14c6920,
0x00000291e14ca5e0, 0x00000291e14caaf0, 0x00000291e14ce2a0, 0x00000291e14cb510,
0x00000291e14cba20, 0x00000291e14cbf30, 0x00000291e14c7d60, 0x00000291e14cc440,
0x00000291e14c6e30, 0x00000291e14c7850, 0x00000291e14c8270, 0x00000291e14cd370,
0x00000291e14c8780, 0x00000291e14c8c90, 0x00000291e14c91a0, 0x00000291e14c96b0,
0x00000291e142e260, 0x00000291e142e770, 0x00000291e1430ae0, 0x00000291e1432940,
0x00000291e1434290, 0x00000291e142d840, 0x00000291dca2bed0, 0x00000291e142dd50,
0x00000291e142ec80, 0x00000291e1432e50, 0x00000291e142f190, 0x00000291e142d330
}

Java Threads: ( => current thread )
  0x00000291bc05a780 JavaThread "main" [_thread_blocked, id=13920, stack(0x000000cb2bc00000,0x000000cb2bd00000)]
  0x00000291d7e7d8d0 JavaThread "Reference Handler" daemon [_thread_blocked, id=13440, stack(0x000000cb2c300000,0x000000cb2c400000)]
  0x00000291d7e7e490 JavaThread "Finalizer" daemon [_thread_blocked, id=13436, stack(0x000000cb2c400000,0x000000cb2c500000)]
  0x00000291dc04afb0 JavaThread "Signal Dispatcher" daemon [_thread_blocked, id=13856, stack(0x000000cb2c500000,0x000000cb2c600000)]
  0x00000291dc04b980 JavaThread "Attach Listener" daemon [_thread_blocked, id=13912, stack(0x000000cb2c600000,0x000000cb2c700000)]
  0x00000291dc04c540 JavaThread "Service Thread" daemon [_thread_blocked, id=13908, stack(0x000000cb2c700000,0x000000cb2c800000)]
  0x00000291dc050f20 JavaThread "Monitor Deflation Thread" daemon [_thread_blocked, id=13872, stack(0x000000cb2c800000,0x000000cb2c900000)]
  0x00000291dc053740 JavaThread "C2 CompilerThread0" daemon [_thread_blocked, id=13892, stack(0x000000cb2c900000,0x000000cb2ca00000)]
  0x00000291dc05fcb0 JavaThread "C1 CompilerThread0" daemon [_thread_blocked, id=13888, stack(0x000000cb2ca00000,0x000000cb2cb00000)]
  0x00000291dc068e80 JavaThread "Sweeper thread" daemon [_thread_blocked, id=13860, stack(0x000000cb2cb00000,0x000000cb2cc00000)]
  0x00000291dc203010 JavaThread "Common-Cleaner" daemon [_thread_blocked, id=13876, stack(0x000000cb2cc00000,0x000000cb2cd00000)]
  0x00000291dc2034f0 JavaThread "Notification Thread" daemon [_thread_blocked, id=13924, stack(0x000000cb2cd00000,0x000000cb2ce00000)]
  0x00000291de396850 JavaThread "Daemon health stats" [_thread_blocked, id=9268, stack(0x000000cb2d500000,0x000000cb2d600000)]
  0x00000291dd7652f0 JavaThread "Incoming local TCP Connector on port 58431" [_thread_in_native, id=5820, stack(0x000000cb2d600000,0x000000cb2d700000)]
  0x00000291de41be20 JavaThread "Daemon periodic checks" [_thread_blocked, id=6712, stack(0x000000cb2d400000,0x000000cb2d500000)]
  0x00000291dd18c7e0 JavaThread "Daemon" [_thread_blocked, id=9620, stack(0x000000cb2d700000,0x000000cb2d800000)]
  0x00000291de3d99f0 JavaThread "Handler for socket connection from /127.0.0.1:58431 to /127.0.0.1:58432" [_thread_in_native, id=11280, stack(0x000000cb2d800000,0x000000cb2d900000)]
  0x00000291dde04a90 JavaThread "Cancel handler" [_thread_blocked, id=12108, stack(0x000000cb2d900000,0x000000cb2da00000)]
  0x00000291de54c6d0 JavaThread "Daemon worker" [_thread_blocked, id=11312, stack(0x000000cb2da00000,0x000000cb2db00000)]
  0x00000291ddc0ecf0 JavaThread "Asynchronous log dispatcher for DefaultDaemonConnection: socket connection from /127.0.0.1:58431 to /127.0.0.1:58432" [_thread_blocked, id=11308, stack(0x000000cb2db00000,0x000000cb2dc00000)]
  0x00000291ddc0f710 JavaThread "Stdin handler" [_thread_blocked, id=9568, stack(0x000000cb2dc00000,0x000000cb2dd00000)]
  0x00000291ddc0d8b0 JavaThread "Daemon client event forwarder" [_thread_blocked, id=2124, stack(0x000000cb2dd00000,0x000000cb2de00000)]
  0x00000291ddc10b50 JavaThread "Cache worker for journal cache (C:\Users\Microsoft\.gradle\caches\journal-1)" [_thread_blocked, id=2796, stack(0x000000cb2e200000,0x000000cb2e300000)]
  0x00000291ddc0e7e0 JavaThread "File lock request listener" [_thread_in_native, id=2056, stack(0x000000cb2e300000,0x000000cb2e400000)]
  0x00000291ddc0d3a0 JavaThread "Cache worker for file hash cache (C:\Users\Microsoft\.gradle\caches\8.0\fileHashes)" [_thread_blocked, id=9784, stack(0x000000cb2e400000,0x000000cb2e500000)]
  0x00000291ddc0f200 JavaThread "File watcher server" daemon [_thread_in_native, id=12980, stack(0x000000cb2e500000,0x000000cb2e600000)]
  0x00000291ddc10640 JavaThread "File watcher consumer" daemon [_thread_blocked, id=1524, stack(0x000000cb2e600000,0x000000cb2e700000)]
  0x00000291ddc0fc20 JavaThread "Cache worker for checksums cache (C:\Moviles\movil_202401_sabado_T5SN_grupo_03\.gradle\8.0\checksums)" [_thread_blocked, id=4048, stack(0x000000cb2e700000,0x000000cb2e800000)]
  0x00000291ddc10130 JavaThread "Cache worker for cache directory md-rule (C:\Users\Microsoft\.gradle\caches\8.0\md-rule)" [_thread_blocked, id=3736, stack(0x000000cb2e800000,0x000000cb2e900000)]
  0x00000291ddc0ddc0 JavaThread "Cache worker for file content cache (C:\Users\Microsoft\.gradle\caches\8.0\fileContent)" [_thread_blocked, id=9384, stack(0x000000cb2e900000,0x000000cb2ea00000)]
  0x00000291de3be5c0 JavaThread "Cache worker for file hash cache (C:\Moviles\movil_202401_sabado_T5SN_grupo_03\.gradle\8.0\fileHashes)" [_thread_blocked, id=3744, stack(0x000000cb2ea00000,0x000000cb2eb00000)]
  0x00000291de3bbd40 JavaThread "Cache worker for cache directory md-supplier (C:\Users\Microsoft\.gradle\caches\8.0\md-supplier)" [_thread_blocked, id=4884, stack(0x000000cb2eb00000,0x000000cb2ec00000)]
  0x00000291de3befe0 JavaThread "Cache worker for execution history cache (C:\Users\Microsoft\.gradle\caches\8.0\executionHistory)" [_thread_blocked, id=6692, stack(0x000000cb2ec00000,0x000000cb2ed00000)]
  0x00000291de3bcc70 JavaThread "jar transforms" [_thread_blocked, id=4688, stack(0x000000cb2ee00000,0x000000cb2ef00000)]
  0x00000291de3bead0 JavaThread "jar transforms Thread 2" [_thread_blocked, id=4712, stack(0x000000cb2ef00000,0x000000cb2f000000)]
  0x00000291de3bf4f0 JavaThread "Cache worker for dependencies-accessors (C:\Moviles\movil_202401_sabado_T5SN_grupo_03\.gradle\8.0\dependencies-accessors)" [_thread_blocked, id=8904, stack(0x000000cb2f000000,0x000000cb2f100000)]
  0x00000291de3ba3f0 JavaThread "jar transforms Thread 3" [_thread_blocked, id=1244, stack(0x000000cb2f100000,0x000000cb2f200000)]
  0x00000291de3b9ee0 JavaThread "Cache worker for Build Output Cleanup Cache (C:\Moviles\movil_202401_sabado_T5SN_grupo_03\.gradle\buildOutputCleanup)" [_thread_blocked, id=11600, stack(0x000000cb2ed00000,0x000000cb2ee00000)]
  0x00000291de3bb830 JavaThread "Unconstrained build operations" [_thread_blocked, id=11748, stack(0x000000cb2cf00000,0x000000cb2d000000)]
  0x00000291de3bd690 JavaThread "Unconstrained build operations Thread 2" [_thread_blocked, id=7288, stack(0x000000cb2f200000,0x000000cb2f300000)]
  0x00000291de3b8aa0 JavaThread "Unconstrained build operations Thread 3" [_thread_blocked, id=9104, stack(0x000000cb2f400000,0x000000cb2f500000)]
  0x00000291de3bae10 JavaThread "Unconstrained build operations Thread 4" [_thread_blocked, id=11480, stack(0x000000cb2f500000,0x000000cb2f600000)]
  0x00000291de3bfa00 JavaThread "Unconstrained build operations Thread 5" [_thread_blocked, id=11292, stack(0x000000cb2f600000,0x000000cb2f700000)]
  0x00000291de3bc250 JavaThread "Unconstrained build operations Thread 6" [_thread_blocked, id=12520, stack(0x000000cb2f700000,0x000000cb2f800000)]
  0x00000291de3bc760 JavaThread "Unconstrained build operations Thread 7" [_thread_blocked, id=11284, stack(0x000000cb2f800000,0x000000cb2f900000)]
  0x00000291de3be0b0 JavaThread "Unconstrained build operations Thread 8" [_thread_blocked, id=11268, stack(0x000000cb2f900000,0x000000cb2fa00000)]
  0x00000291de3b8590 JavaThread "Unconstrained build operations Thread 9" [_thread_blocked, id=9700, stack(0x000000cb2fa00000,0x000000cb2fb00000)]
  0x00000291de3b8fb0 JavaThread "Unconstrained build operations Thread 10" [_thread_blocked, id=9512, stack(0x000000cb2fb00000,0x000000cb2fc00000)]
  0x00000291de3b94c0 JavaThread "Unconstrained build operations Thread 11" [_thread_blocked, id=11904, stack(0x000000cb2fc00000,0x000000cb2fd00000)]
  0x00000291de3b99d0 JavaThread "Unconstrained build operations Thread 12" [_thread_blocked, id=11276, stack(0x000000cb2fd00000,0x000000cb2fe00000)]
  0x00000291e0c10920 JavaThread "Unconstrained build operations Thread 13" [_thread_blocked, id=11300, stack(0x000000cb2fe00000,0x000000cb2ff00000)]
  0x00000291e0c0e5b0 JavaThread "Unconstrained build operations Thread 14" [_thread_blocked, id=11964, stack(0x000000cb2ff00000,0x000000cb30000000)]
  0x00000291e0c10e30 JavaThread "Unconstrained build operations Thread 15" [_thread_blocked, id=11956, stack(0x000000cb30000000,0x000000cb30100000)]
  0x00000291e0c0eac0 JavaThread "Unconstrained build operations Thread 16" [_thread_blocked, id=12092, stack(0x000000cb30100000,0x000000cb30200000)]
  0x00000291e0c0f4e0 JavaThread "Unconstrained build operations Thread 17" [_thread_blocked, id=12176, stack(0x000000cb30200000,0x000000cb30300000)]
  0x00000291e0c0f9f0 JavaThread "Unconstrained build operations Thread 18" [_thread_blocked, id=11952, stack(0x000000cb30300000,0x000000cb30400000)]
  0x00000291e0c0ff00 JavaThread "Unconstrained build operations Thread 19" [_thread_blocked, id=12224, stack(0x000000cb30400000,0x000000cb30500000)]
  0x00000291e0c11340 JavaThread "Unconstrained build operations Thread 20" [_thread_blocked, id=12232, stack(0x000000cb30500000,0x000000cb30600000)]
  0x00000291e0c0efd0 JavaThread "Unconstrained build operations Thread 21" [_thread_blocked, id=12076, stack(0x000000cb30600000,0x000000cb30700000)]
  0x00000291e0c11850 JavaThread "Unconstrained build operations Thread 22" [_thread_blocked, id=12228, stack(0x000000cb30700000,0x000000cb30800000)]
  0x00000291e0c10410 JavaThread "Unconstrained build operations Thread 23" [_thread_blocked, id=12284, stack(0x000000cb30800000,0x000000cb30900000)]
  0x00000291e0c0e0a0 JavaThread "Unconstrained build operations Thread 24" [_thread_blocked, id=12060, stack(0x000000cb30900000,0x000000cb30a00000)]
  0x00000291e22f9230 JavaThread "Unconstrained build operations Thread 25" [_thread_blocked, id=11344, stack(0x000000cb30a00000,0x000000cb30b00000)]
  0x00000291e22f73d0 JavaThread "Unconstrained build operations Thread 26" [_thread_blocked, id=9360, stack(0x000000cb30b00000,0x000000cb30c00000)]
  0x00000291e22f8810 JavaThread "Unconstrained build operations Thread 27" [_thread_blocked, id=11348, stack(0x000000cb30c00000,0x000000cb30d00000)]
  0x00000291e22fa160 JavaThread "Unconstrained build operations Thread 28" [_thread_blocked, id=7572, stack(0x000000cb30d00000,0x000000cb30e00000)]
  0x00000291e22f6ec0 JavaThread "Unconstrained build operations Thread 29" [_thread_blocked, id=1896, stack(0x000000cb30e00000,0x000000cb30f00000)]
  0x00000291e22f69b0 JavaThread "Unconstrained build operations Thread 30" [_thread_blocked, id=11892, stack(0x000000cb30f00000,0x000000cb31000000)]
  0x00000291e22f8300 JavaThread "Unconstrained build operations Thread 31" [_thread_blocked, id=4880, stack(0x000000cb31000000,0x000000cb31100000)]
  0x00000291e22fa670 JavaThread "Unconstrained build operations Thread 32" [_thread_blocked, id=13736, stack(0x000000cb31100000,0x000000cb31200000)]
  0x00000291e22f9740 JavaThread "Unconstrained build operations Thread 33" [_thread_blocked, id=13740, stack(0x000000cb31200000,0x000000cb31300000)]
  0x00000291e22f5f90 JavaThread "Unconstrained build operations Thread 34" [_thread_blocked, id=9400, stack(0x000000cb31300000,0x000000cb31400000)]
  0x00000291e22f8d20 JavaThread "Unconstrained build operations Thread 35" [_thread_blocked, id=9660, stack(0x000000cb31400000,0x000000cb31500000)]
  0x00000291e22f64a0 JavaThread "Unconstrained build operations Thread 36" [_thread_blocked, id=9404, stack(0x000000cb31500000,0x000000cb31600000)]
  0x00000291e22f7df0 JavaThread "Unconstrained build operations Thread 37" [_thread_blocked, id=9672, stack(0x000000cb31600000,0x000000cb31700000)]
  0x00000291e22f9c50 JavaThread "Unconstrained build operations Thread 38" [_thread_blocked, id=9472, stack(0x000000cb31700000,0x000000cb31800000)]
  0x00000291e22f78e0 JavaThread "Unconstrained build operations Thread 39" [_thread_blocked, id=9476, stack(0x000000cb31800000,0x000000cb31900000)]
  0x00000291e22fbfc0 JavaThread "Unconstrained build operations Thread 40" [_thread_blocked, id=9192, stack(0x000000cb31900000,0x000000cb31a00000)]
  0x00000291e22fab80 JavaThread "Unconstrained build operations Thread 41" [_thread_blocked, id=6384, stack(0x000000cb31a00000,0x000000cb31b00000)]
  0x00000291e22fb090 JavaThread "Unconstrained build operations Thread 42" [_thread_blocked, id=12256, stack(0x000000cb31b00000,0x000000cb31c00000)]
  0x00000291e22fb5a0 JavaThread "Unconstrained build operations Thread 43" [_thread_blocked, id=12264, stack(0x000000cb31c00000,0x000000cb31d00000)]
  0x00000291e22fbab0 JavaThread "Unconstrained build operations Thread 44" [_thread_blocked, id=10960, stack(0x000000cb31d00000,0x000000cb31e00000)]
  0x00000291e22fc4d0 JavaThread "Unconstrained build operations Thread 45" [_thread_blocked, id=2360, stack(0x000000cb31e00000,0x000000cb31f00000)]
  0x00000291e22f5060 JavaThread "Unconstrained build operations Thread 46" [_thread_blocked, id=3168, stack(0x000000cb31f00000,0x000000cb32000000)]
  0x00000291e22fc9e0 JavaThread "Unconstrained build operations Thread 47" [_thread_blocked, id=7852, stack(0x000000cb32000000,0x000000cb32100000)]
  0x00000291e22f5570 JavaThread "Unconstrained build operations Thread 48" [_thread_blocked, id=1452, stack(0x000000cb32100000,0x000000cb32200000)]
  0x00000291e22f5a80 JavaThread "Unconstrained build operations Thread 49" [_thread_blocked, id=13320, stack(0x000000cb32200000,0x000000cb32300000)]
  0x00000291e14cdd90 JavaThread "Unconstrained build operations Thread 50" [_thread_blocked, id=13332, stack(0x000000cb32300000,0x000000cb32400000)]
  0x00000291e14cce60 JavaThread "Unconstrained build operations Thread 51" [_thread_blocked, id=11716, stack(0x000000cb32400000,0x000000cb32500000)]
  0x00000291e14cc950 JavaThread "Unconstrained build operations Thread 52" [_thread_blocked, id=4996, stack(0x000000cb32500000,0x000000cb32600000)]
  0x00000291e14cb000 JavaThread "Unconstrained build operations Thread 53" [_thread_blocked, id=13316, stack(0x000000cb32600000,0x000000cb32700000)]
  0x00000291e14c7340 JavaThread "Unconstrained build operations Thread 54" [_thread_blocked, id=13328, stack(0x000000cb32700000,0x000000cb32800000)]
  0x00000291e14c9bc0 JavaThread "Unconstrained build operations Thread 55" [_thread_blocked, id=13372, stack(0x000000cb32800000,0x000000cb32900000)]
  0x00000291e14cd880 JavaThread "Unconstrained build operations Thread 56" [_thread_blocked, id=13368, stack(0x000000cb32900000,0x000000cb32a00000)]
  0x00000291e14ca0d0 JavaThread "Unconstrained build operations Thread 57" [_thread_blocked, id=9468, stack(0x000000cb32a00000,0x000000cb32b00000)]
  0x00000291e14c6920 JavaThread "Unconstrained build operations Thread 58" [_thread_blocked, id=13588, stack(0x000000cb32b00000,0x000000cb32c00000)]
  0x00000291e14ca5e0 JavaThread "Unconstrained build operations Thread 59" [_thread_blocked, id=13648, stack(0x000000cb32c00000,0x000000cb32d00000)]
  0x00000291e14caaf0 JavaThread "Unconstrained build operations Thread 60" [_thread_blocked, id=11376, stack(0x000000cb32d00000,0x000000cb32e00000)]
  0x00000291e14ce2a0 JavaThread "Unconstrained build operations Thread 61" [_thread_blocked, id=10984, stack(0x000000cb32e00000,0x000000cb32f00000)]
  0x00000291e14cb510 JavaThread "Unconstrained build operations Thread 62" [_thread_blocked, id=11104, stack(0x000000cb32f00000,0x000000cb33000000)]
  0x00000291e14cba20 JavaThread "Unconstrained build operations Thread 63" [_thread_blocked, id=12512, stack(0x000000cb33000000,0x000000cb33100000)]
  0x00000291e14cbf30 JavaThread "Unconstrained build operations Thread 64" [_thread_blocked, id=11568, stack(0x000000cb33100000,0x000000cb33200000)]
  0x00000291e14c7d60 JavaThread "Unconstrained build operations Thread 65" [_thread_blocked, id=12508, stack(0x000000cb33200000,0x000000cb33300000)]
  0x00000291e14cc440 JavaThread "Unconstrained build operations Thread 66" [_thread_blocked, id=12088, stack(0x000000cb33300000,0x000000cb33400000)]
  0x00000291e14c6e30 JavaThread "Unconstrained build operations Thread 67" [_thread_blocked, id=10768, stack(0x000000cb33400000,0x000000cb33500000)]
  0x00000291e14c7850 JavaThread "Unconstrained build operations Thread 68" [_thread_blocked, id=11228, stack(0x000000cb33500000,0x000000cb33600000)]
  0x00000291e14c8270 JavaThread "Unconstrained build operations Thread 69" [_thread_blocked, id=11496, stack(0x000000cb33600000,0x000000cb33700000)]
  0x00000291e14cd370 JavaThread "Unconstrained build operations Thread 70" [_thread_blocked, id=10988, stack(0x000000cb33700000,0x000000cb33800000)]
  0x00000291e14c8780 JavaThread "Unconstrained build operations Thread 71" [_thread_blocked, id=11212, stack(0x000000cb33800000,0x000000cb33900000)]
  0x00000291e14c8c90 JavaThread "Unconstrained build operations Thread 72" [_thread_blocked, id=12704, stack(0x000000cb33900000,0x000000cb33a00000)]
  0x00000291e14c91a0 JavaThread "Unconstrained build operations Thread 73" [_thread_blocked, id=10996, stack(0x000000cb33a00000,0x000000cb33b00000)]
  0x00000291e14c96b0 JavaThread "Unconstrained build operations Thread 74" [_thread_blocked, id=14332, stack(0x000000cb33b00000,0x000000cb33c00000)]
  0x00000291e142e260 JavaThread "Unconstrained build operations Thread 75" [_thread_blocked, id=13848, stack(0x000000cb33c00000,0x000000cb33d00000)]
  0x00000291e142e770 JavaThread "Unconstrained build operations Thread 76" [_thread_blocked, id=13852, stack(0x000000cb33d00000,0x000000cb33e00000)]
  0x00000291e1430ae0 JavaThread "Unconstrained build operations Thread 77" [_thread_blocked, id=13744, stack(0x000000cb33e00000,0x000000cb33f00000)]
  0x00000291e1432940 JavaThread "Unconstrained build operations Thread 78" [_thread_blocked, id=12160, stack(0x000000cb33f00000,0x000000cb34000000)]
  0x00000291e1434290 JavaThread "Unconstrained build operations Thread 79" [_thread_blocked, id=12172, stack(0x000000cb34000000,0x000000cb34100000)]
  0x00000291e142d840 JavaThread "Unconstrained build operations Thread 80" [_thread_blocked, id=12200, stack(0x000000cb34100000,0x000000cb34200000)]
  0x00000291dca2bed0 JavaThread "C2 CompilerThread1" daemon [_thread_blocked, id=12396, stack(0x000000cb34200000,0x000000cb34300000)]
  0x00000291e142dd50 JavaThread "jar transforms Thread 4" [_thread_blocked, id=7280, stack(0x000000cb34300000,0x000000cb34400000)]
  0x00000291e142ec80 JavaThread "jar transforms Thread 5" [_thread_blocked, id=4956, stack(0x000000cb34400000,0x000000cb34500000)]
  0x00000291e1432e50 JavaThread "jar transforms Thread 6" [_thread_blocked, id=9032, stack(0x000000cb34500000,0x000000cb34600000)]
  0x00000291e142f190 JavaThread "jar transforms Thread 7" [_thread_blocked, id=8668, stack(0x000000cb34600000,0x000000cb34700000)]
  0x00000291e142d330 JavaThread "jar transforms Thread 8" [_thread_blocked, id=5044, stack(0x000000cb34700000,0x000000cb34800000)]

Other Threads:
=>0x00000291dc013330 VMThread "VM Thread" [stack: 0x000000cb2c200000,0x000000cb2c300000] [id=13444]
  0x00000291dc2059e0 WatcherThread [stack: 0x000000cb2ce00000,0x000000cb2cf00000] [id=13400]
  0x00000291bc0b59a0 GCTaskThread "GC Thread#0" [stack: 0x000000cb2bd00000,0x000000cb2be00000] [id=13916]
  0x00000291dcad6210 GCTaskThread "GC Thread#1" [stack: 0x000000cb2d100000,0x000000cb2d200000] [id=13428]
  0x00000291dd4a98a0 GCTaskThread "GC Thread#2" [stack: 0x000000cb2d200000,0x000000cb2d300000] [id=9100]
  0x00000291dcb7e0e0 GCTaskThread "GC Thread#3" [stack: 0x000000cb2d300000,0x000000cb2d400000] [id=10676]
  0x00000291dd4334b0 GCTaskThread "GC Thread#4" [stack: 0x000000cb2d000000,0x000000cb2d100000] [id=13416]
  0x00000291dd762590 GCTaskThread "GC Thread#5" [stack: 0x000000cb2de00000,0x000000cb2df00000] [id=2748]
  0x00000291dd762dd0 GCTaskThread "GC Thread#6" [stack: 0x000000cb2df00000,0x000000cb2e000000] [id=6328]
  0x00000291dd762850 GCTaskThread "GC Thread#7" [stack: 0x000000cb2e000000,0x000000cb2e100000] [id=5596]
  0x00000291bc0c68f0 ConcurrentGCThread "G1 Main Marker" [stack: 0x000000cb2be00000,0x000000cb2bf00000] [id=13844]
  0x00000291bc0c7320 ConcurrentGCThread "G1 Conc#0" [stack: 0x000000cb2bf00000,0x000000cb2c000000] [id=13840]
  0x00000291dd762b10 ConcurrentGCThread "G1 Conc#1" [stack: 0x000000cb2e100000,0x000000cb2e200000] [id=6756]
  0x00000291d7ce64f0 ConcurrentGCThread "G1 Refine#0" [stack: 0x000000cb2c000000,0x000000cb2c100000] [id=13836]
  0x00000291d7ce6f20 ConcurrentGCThread "G1 Service" [stack: 0x000000cb2c100000,0x000000cb2c200000] [id=13956]

Threads with active compile tasks:
C2 CompilerThread1     9950 6241       4       java.util.zip.ZipFile$Source::initCEN (591 bytes)

VM state: at safepoint (normal execution)

VM Mutex/Monitor currently owned by a thread:  ([mutex/lock_event])
[0x00000291bc055f50] Threads_lock - owner thread: 0x00000291dc013330
[0x00000291bc0568e0] Heap_lock - owner thread: 0x00000291bc0c68f0

Heap address: 0x0000000080000000, size: 2048 MB, Compressed Oops mode: 32-bit

CDS archive(s) not mapped
Compressed class space mapped at: 0x0000000100000000-0x0000000140000000, reserved size: 1073741824
Narrow klass base: 0x0000000000000000, Narrow klass shift: 3, Narrow klass range: 0x140000000

GC Precious Log:
 CPUs: 8 total, 8 available
 Memory: 7877M
 Large Page Support: Disabled
 NUMA Support: Disabled
 Compressed Oops: Enabled (32-bit)
 Heap Region Size: 1M
 Heap Min Capacity: 8M
 Heap Initial Capacity: 124M
 Heap Max Capacity: 2G
 Pre-touch: Disabled
 Parallel Workers: 8
 Concurrent Workers: 2
 Concurrent Refinement Workers: 8
 Periodic GC: Disabled

Heap:
 garbage-first heap   total 88064K, used 51087K [0x0000000080000000, 0x0000000100000000)
  region size 1024K, 5 young (5120K), 4 survivors (4096K)
 Metaspace       used 58380K, committed 58880K, reserved 1114112K
  class space    used 7659K, committed 7872K, reserved 1048576K

Heap Regions: E=young(eden), S=young(survivor), O=old, HS=humongous(starts), HC=humongous(continues), CS=collection set, F=free, OA=open archive, CA=closed archive, TAMS=top-at-mark-start (previous, next)
|   0|0x0000000080000000, 0x0000000080100000, 0x0000000080100000|100%|HS|  |TAMS 0x0000000080100000, 0x0000000080000000| Complete 
|   1|0x0000000080100000, 0x0000000080200000, 0x0000000080200000|100%|HC|  |TAMS 0x0000000080200000, 0x0000000080100000| Complete 
|   2|0x0000000080200000, 0x0000000080300000, 0x0000000080300000|100%|HC|  |TAMS 0x0000000080300000, 0x0000000080200000| Complete 
|   3|0x0000000080300000, 0x0000000080400000, 0x0000000080400000|100%|HC|  |TAMS 0x0000000080400000, 0x0000000080300000| Complete 
|   4|0x0000000080400000, 0x0000000080500000, 0x0000000080500000|100%| O|  |TAMS 0x0000000080500000, 0x0000000080400000| Untracked 
|   5|0x0000000080500000, 0x0000000080600000, 0x0000000080600000|100%| O|  |TAMS 0x0000000080600000, 0x0000000080500000| Untracked 
|   6|0x0000000080600000, 0x0000000080700000, 0x0000000080700000|100%| O|  |TAMS 0x0000000080700000, 0x0000000080600000| Untracked 
|   7|0x0000000080700000, 0x0000000080800000, 0x0000000080800000|100%| O|  |TAMS 0x0000000080800000, 0x0000000080700000| Updating 
|   8|0x0000000080800000, 0x0000000080900000, 0x0000000080900000|100%| O|  |TAMS 0x0000000080900000, 0x0000000080800000| Untracked 
|   9|0x0000000080900000, 0x0000000080a00000, 0x0000000080a00000|100%| O|  |TAMS 0x0000000080a00000, 0x0000000080900000| Untracked 
|  10|0x0000000080a00000, 0x0000000080b00000, 0x0000000080b00000|100%| O|  |TAMS 0x0000000080b00000, 0x0000000080a00000| Untracked 
|  11|0x0000000080b00000, 0x0000000080c00000, 0x0000000080c00000|100%| O|  |TAMS 0x0000000080c00000, 0x0000000080b00000| Untracked 
|  12|0x0000000080c00000, 0x0000000080d00000, 0x0000000080d00000|100%| O|  |TAMS 0x0000000080d00000, 0x0000000080c00000| Untracked 
|  13|0x0000000080d00000, 0x0000000080e00000, 0x0000000080e00000|100%| O|  |TAMS 0x0000000080e00000, 0x0000000080d00000| Untracked 
|  14|0x0000000080e00000, 0x0000000080f00000, 0x0000000080f00000|100%| O|  |TAMS 0x0000000080f00000, 0x0000000080e00000| Untracked 
|  15|0x0000000080f00000, 0x0000000081000000, 0x0000000081000000|100%| O|  |TAMS 0x0000000081000000, 0x0000000080f00000| Untracked 
|  16|0x0000000081000000, 0x0000000081100000, 0x0000000081100000|100%| O|  |TAMS 0x0000000081100000, 0x0000000081000000| Untracked 
|  17|0x0000000081100000, 0x0000000081200000, 0x0000000081200000|100%| O|  |TAMS 0x0000000081200000, 0x0000000081100000| Untracked 
|  18|0x0000000081200000, 0x0000000081300000, 0x0000000081300000|100%| O|  |TAMS 0x0000000081300000, 0x0000000081200000| Untracked 
|  19|0x0000000081300000, 0x0000000081400000, 0x0000000081400000|100%| O|  |TAMS 0x0000000081400000, 0x0000000081300000| Untracked 
|  20|0x0000000081400000, 0x0000000081500000, 0x0000000081500000|100%| O|  |TAMS 0x0000000081500000, 0x0000000081400000| Updating 
|  21|0x0000000081500000, 0x0000000081600000, 0x0000000081600000|100%| O|  |TAMS 0x0000000081600000, 0x0000000081500000| Untracked 
|  22|0x0000000081600000, 0x0000000081700000, 0x0000000081700000|100%| O|  |TAMS 0x0000000081700000, 0x0000000081600000| Untracked 
|  23|0x0000000081700000, 0x0000000081800000, 0x0000000081800000|100%| O|  |TAMS 0x0000000081800000, 0x0000000081700000| Updating 
|  24|0x0000000081800000, 0x0000000081900000, 0x0000000081900000|100%| O|  |TAMS 0x0000000081900000, 0x0000000081800000| Updating 
|  25|0x0000000081900000, 0x0000000081a00000, 0x0000000081a00000|100%| O|  |TAMS 0x0000000081a00000, 0x0000000081900000| Untracked 
|  26|0x0000000081a00000, 0x0000000081b00000, 0x0000000081b00000|100%| O|  |TAMS 0x0000000081b00000, 0x0000000081a00000| Untracked 
|  27|0x0000000081b00000, 0x0000000081c00000, 0x0000000081c00000|100%| O|  |TAMS 0x0000000081c00000, 0x0000000081b00000| Untracked 
|  28|0x0000000081c00000, 0x0000000081d00000, 0x0000000081d00000|100%| O|  |TAMS 0x0000000081d00000, 0x0000000081c00000| Untracked 
|  29|0x0000000081d00000, 0x0000000081e00000, 0x0000000081e00000|100%| O|  |TAMS 0x0000000081e00000, 0x0000000081d00000| Untracked 
|  30|0x0000000081e00000, 0x0000000081f00000, 0x0000000081f00000|100%| O|  |TAMS 0x0000000081f00000, 0x0000000081e00000| Updating 
|  31|0x0000000081f00000, 0x0000000082000000, 0x0000000082000000|100%| O|  |TAMS 0x0000000082000000, 0x0000000081f00000| Untracked 
|  32|0x0000000082000000, 0x0000000082100000, 0x0000000082100000|100%| O|  |TAMS 0x0000000082100000, 0x0000000082000000| Untracked 
|  33|0x0000000082100000, 0x0000000082200000, 0x0000000082200000|100%| O|  |TAMS 0x0000000082200000, 0x0000000082100000| Untracked 
|  34|0x0000000082200000, 0x0000000082300000, 0x0000000082300000|100%| O|  |TAMS 0x0000000082300000, 0x0000000082200000| Updating 
|  35|0x0000000082300000, 0x0000000082400000, 0x0000000082400000|100%| O|  |TAMS 0x0000000082400000, 0x0000000082300000| Untracked 
|  36|0x0000000082400000, 0x0000000082500000, 0x0000000082500000|100%|HS|  |TAMS 0x0000000082500000, 0x0000000082400000| Complete 
|  37|0x0000000082500000, 0x0000000082600000, 0x0000000082600000|100%|HS|  |TAMS 0x0000000082600000, 0x0000000082500000| Complete 
|  38|0x0000000082600000, 0x0000000082700000, 0x0000000082700000|100%|HC|  |TAMS 0x0000000082700000, 0x0000000082600000| Complete 
|  39|0x0000000082700000, 0x0000000082800000, 0x0000000082800000|100%| O|  |TAMS 0x0000000082800000, 0x0000000082700000| Untracked 
|  40|0x0000000082800000, 0x00000000828cca00, 0x0000000082900000| 79%| O|  |TAMS 0x00000000828cca00, 0x0000000082800000| Updating 
|  41|0x0000000082900000, 0x0000000082a00000, 0x0000000082a00000|100%|HS|  |TAMS 0x0000000082a00000, 0x0000000082900000| Complete 
|  42|0x0000000082a00000, 0x0000000082b00000, 0x0000000082b00000|100%|HS|  |TAMS 0x0000000082b00000, 0x0000000082a00000| Complete 
|  43|0x0000000082b00000, 0x0000000082c00000, 0x0000000082c00000|100%|HS|  |TAMS 0x0000000082b00000, 0x0000000082b00000| Complete 
|  44|0x0000000082c00000, 0x0000000082d00000, 0x0000000082d00000|100%|HC|  |TAMS 0x0000000082c00000, 0x0000000082c00000| Complete 
|  45|0x0000000082d00000, 0x0000000082e00000, 0x0000000082e00000|100%|HC|  |TAMS 0x0000000082d00000, 0x0000000082d00000| Complete 
|  46|0x0000000082e00000, 0x0000000082f00000, 0x0000000082f00000|100%|HC|  |TAMS 0x0000000082e00000, 0x0000000082e00000| Complete 
|  47|0x0000000082f00000, 0x0000000082f00000, 0x0000000083000000|  0%| F|  |TAMS 0x0000000082f00000, 0x0000000082f00000| Untracked 
|  48|0x0000000083000000, 0x0000000083000000, 0x0000000083100000|  0%| F|  |TAMS 0x0000000083000000, 0x0000000083000000| Untracked 
|  49|0x0000000083100000, 0x0000000083100000, 0x0000000083200000|  0%| F|  |TAMS 0x0000000083100000, 0x0000000083100000| Untracked 
|  50|0x0000000083200000, 0x0000000083200000, 0x0000000083300000|  0%| F|  |TAMS 0x0000000083200000, 0x0000000083200000| Untracked 
|  51|0x0000000083300000, 0x0000000083300000, 0x0000000083400000|  0%| F|  |TAMS 0x0000000083300000, 0x0000000083300000| Untracked 
|  52|0x0000000083400000, 0x0000000083400000, 0x0000000083500000|  0%| F|  |TAMS 0x0000000083400000, 0x0000000083400000| Untracked 
|  53|0x0000000083500000, 0x0000000083500000, 0x0000000083600000|  0%| F|  |TAMS 0x0000000083500000, 0x0000000083500000| Untracked 
|  54|0x0000000083600000, 0x0000000083600000, 0x0000000083700000|  0%| F|  |TAMS 0x0000000083600000, 0x0000000083600000| Untracked 
|  55|0x0000000083700000, 0x0000000083700000, 0x0000000083800000|  0%| F|  |TAMS 0x0000000083700000, 0x0000000083700000| Untracked 
|  56|0x0000000083800000, 0x0000000083800000, 0x0000000083900000|  0%| F|  |TAMS 0x0000000083800000, 0x0000000083800000| Untracked 
|  57|0x0000000083900000, 0x0000000083900000, 0x0000000083a00000|  0%| F|  |TAMS 0x0000000083900000, 0x0000000083900000| Untracked 
|  58|0x0000000083a00000, 0x0000000083a00000, 0x0000000083b00000|  0%| F|  |TAMS 0x0000000083a00000, 0x0000000083a00000| Untracked 
|  59|0x0000000083b00000, 0x0000000083b00000, 0x0000000083c00000|  0%| F|  |TAMS 0x0000000083b00000, 0x0000000083b00000| Untracked 
|  60|0x0000000083c00000, 0x0000000083c00000, 0x0000000083d00000|  0%| F|  |TAMS 0x0000000083c00000, 0x0000000083c00000| Untracked 
|  61|0x0000000083d00000, 0x0000000083d00000, 0x0000000083e00000|  0%| F|  |TAMS 0x0000000083d00000, 0x0000000083d00000| Untracked 
|  62|0x0000000083e00000, 0x0000000083e00000, 0x0000000083f00000|  0%| F|  |TAMS 0x0000000083e00000, 0x0000000083e00000| Untracked 
|  63|0x0000000083f00000, 0x0000000083f00000, 0x0000000084000000|  0%| F|  |TAMS 0x0000000083f00000, 0x0000000083f00000| Untracked 
|  64|0x0000000084000000, 0x0000000084000000, 0x0000000084100000|  0%| F|  |TAMS 0x0000000084000000, 0x0000000084000000| Untracked 
|  65|0x0000000084100000, 0x0000000084100000, 0x0000000084200000|  0%| F|  |TAMS 0x0000000084100000, 0x0000000084100000| Untracked 
|  66|0x0000000084200000, 0x0000000084200000, 0x0000000084300000|  0%| F|  |TAMS 0x0000000084200000, 0x0000000084200000| Untracked 
|  67|0x0000000084300000, 0x0000000084300000, 0x0000000084400000|  0%| F|  |TAMS 0x0000000084300000, 0x0000000084300000| Untracked 
|  68|0x0000000084400000, 0x0000000084400000, 0x0000000084500000|  0%| F|  |TAMS 0x0000000084400000, 0x0000000084400000| Untracked 
|  69|0x0000000084500000, 0x0000000084500000, 0x0000000084600000|  0%| F|  |TAMS 0x0000000084500000, 0x0000000084500000| Untracked 
|  70|0x0000000084600000, 0x0000000084600000, 0x0000000084700000|  0%| F|  |TAMS 0x0000000084600000, 0x0000000084600000| Untracked 
|  71|0x0000000084700000, 0x0000000084700000, 0x0000000084800000|  0%| F|  |TAMS 0x0000000084700000, 0x0000000084700000| Untracked 
|  72|0x0000000084800000, 0x0000000084800000, 0x0000000084900000|  0%| F|  |TAMS 0x0000000084800000, 0x0000000084800000| Untracked 
|  73|0x0000000084900000, 0x0000000084900000, 0x0000000084a00000|  0%| F|  |TAMS 0x0000000084900000, 0x0000000084900000| Untracked 
|  74|0x0000000084a00000, 0x0000000084a00000, 0x0000000084b00000|  0%| F|  |TAMS 0x0000000084a00000, 0x0000000084a00000| Untracked 
|  75|0x0000000084b00000, 0x0000000084b00000, 0x0000000084c00000|  0%| F|  |TAMS 0x0000000084b00000, 0x0000000084b00000| Untracked 
|  76|0x0000000084c00000, 0x0000000084c00000, 0x0000000084d00000|  0%| F|  |TAMS 0x0000000084c00000, 0x0000000084c00000| Untracked 
|  77|0x0000000084d00000, 0x0000000084d00000, 0x0000000084e00000|  0%| F|  |TAMS 0x0000000084d00000, 0x0000000084d00000| Untracked 
|  78|0x0000000084e00000, 0x0000000084e174b8, 0x0000000084f00000|  9%| S|CS|TAMS 0x0000000084e00000, 0x0000000084e00000| Complete 
|  79|0x0000000084f00000, 0x0000000085000000, 0x0000000085000000|100%| S|CS|TAMS 0x0000000084f00000, 0x0000000084f00000| Complete 
|  80|0x0000000085000000, 0x0000000085100000, 0x0000000085100000|100%| S|CS|TAMS 0x0000000085000000, 0x0000000085000000| Complete 
|  81|0x0000000085100000, 0x0000000085200000, 0x0000000085200000|100%| S|CS|TAMS 0x0000000085100000, 0x0000000085100000| Complete 
|  82|0x0000000085200000, 0x0000000085200000, 0x0000000085300000|  0%| F|  |TAMS 0x0000000085200000, 0x0000000085200000| Untracked 
|  83|0x0000000085300000, 0x0000000085300000, 0x0000000085400000|  0%| F|  |TAMS 0x0000000085300000, 0x0000000085300000| Untracked 
|  84|0x0000000085400000, 0x0000000085400000, 0x0000000085500000|  0%| F|  |TAMS 0x0000000085400000, 0x0000000085400000| Untracked 
| 123|0x0000000087b00000, 0x0000000087b80a60, 0x0000000087c00000| 50%| E|  |TAMS 0x0000000087b00000, 0x0000000087b00000| Complete 

Card table byte_map: [0x00000291d0b90000,0x00000291d0f90000] _byte_map_base: 0x00000291d0790000

Marking Bits (Prev, Next): (CMBitMap*) 0x00000291bc0b5fc0, (CMBitMap*) 0x00000291bc0b6000
 Prev Bits: [0x00000291d1390000, 0x00000291d3390000)
 Next Bits: [0x00000291d3390000, 0x00000291d5390000)

Polling page: 0x00000291bc110000

Metaspace:

Usage:
  Non-class:     49.53 MB used.
      Class:      7.48 MB used.
       Both:     57.01 MB used.

Virtual space:
  Non-class space:       64.00 MB reserved,      49.81 MB ( 78%) committed,  1 nodes.
      Class space:        1.00 GB reserved,       7.69 MB ( <1%) committed,  1 nodes.
             Both:        1.06 GB reserved,      57.50 MB (  5%) committed. 

Chunk freelists:
   Non-Class:  13.91 MB
       Class:  8.20 MB
        Both:  22.11 MB

MaxMetaspaceSize: unlimited
CompressedClassSpaceSize: 1.00 GB
Initial GC threshold: 21.00 MB
Current GC threshold: 95.75 MB
CDS: off
MetaspaceReclaimPolicy: balanced
 - commit_granule_bytes: 65536.
 - commit_granule_words: 8192.
 - virtual_space_node_default_size: 8388608.
 - enlarge_chunks_in_place: 1.
 - new_chunks_are_fully_committed: 0.
 - uncommit_free_chunks: 1.
 - use_allocation_guard: 0.
 - handle_deallocations: 1.


Internal statistics:

num_allocs_failed_limit: 6.
num_arena_births: 474.
num_arena_deaths: 0.
num_vsnodes_births: 2.
num_vsnodes_deaths: 0.
num_space_committed: 920.
num_space_uncommitted: 0.
num_chunks_returned_to_freelist: 6.
num_chunks_taken_from_freelist: 2184.
num_chunk_merges: 3.
num_chunk_splits: 1440.
num_chunks_enlarged: 1006.
num_inconsistent_stats: 0.

CodeHeap 'non-profiled nmethods': size=120000Kb used=2574Kb max_used=3253Kb free=117425Kb
 bounds [0x00000291c87f0000, 0x00000291c8b20000, 0x00000291cfd20000]
CodeHeap 'profiled nmethods': size=120000Kb used=10081Kb max_used=10678Kb free=109919Kb
 bounds [0x00000291c0d20000, 0x00000291c1790000, 0x00000291c8250000]
CodeHeap 'non-nmethods': size=5760Kb used=2366Kb max_used=2408Kb free=3393Kb
 bounds [0x00000291c8250000, 0x00000291c84c0000, 0x00000291c87f0000]
 total_blobs=6306 nmethods=5430 adapters=788
 compilation: enabled
              stopped_count=0, restarted_count=0
 full_count=0

Compilation events (20 events):
Event: 9.727 Thread 0x00000291dc05fcb0 6239       3       java.util.zip.ZipFile$Source$Key::hashCode (46 bytes)
Event: 9.728 Thread 0x00000291dc05fcb0 nmethod 6239 0x00000291c0d65c90 code [0x00000291c0d65e80, 0x00000291c0d66298]
Event: 9.794 Thread 0x00000291dca2bed0 nmethod 6236% 0x00000291c8877f10 code [0x00000291c8878220, 0x00000291c887b240]
Event: 9.794 Thread 0x00000291dca2bed0 6241       4       java.util.zip.ZipFile$Source::initCEN (591 bytes)
Event: 9.814 Thread 0x00000291dc053740 6242  s    4       java.io.ByteArrayOutputStream::write (43 bytes)
Event: 9.819 Thread 0x00000291dc05fcb0 6243       3       jdk.internal.loader.URLClassPath$3::run (172 bytes)
Event: 9.821 Thread 0x00000291dc05fcb0 nmethod 6243 0x00000291c0d45790 code [0x00000291c0d45ac0, 0x00000291c0d46c48]
Event: 9.821 Thread 0x00000291dc05fcb0 6246   !   3       jdk.internal.loader.URLClassPath$JarLoader$1::run (175 bytes)
Event: 9.822 Thread 0x00000291dc05fcb0 nmethod 6246 0x00000291c0f15a10 code [0x00000291c0f15c40, 0x00000291c0f16398]
Event: 9.822 Thread 0x00000291dc05fcb0 6244       3       jdk.internal.loader.URLClassPath$JarLoader::<init> (67 bytes)
Event: 9.823 Thread 0x00000291dc05fcb0 nmethod 6244 0x00000291c0f14710 code [0x00000291c0f149a0, 0x00000291c0f15598]
Event: 9.823 Thread 0x00000291dc05fcb0 6245       3       jdk.internal.loader.URLClassPath$Loader::<init> (10 bytes)
Event: 9.824 Thread 0x00000291dc053740 nmethod 6242 0x00000291c88ce390 code [0x00000291c88ce520, 0x00000291c88cee68]
Event: 9.824 Thread 0x00000291dc05fcb0 nmethod 6245 0x00000291c0d45310 code [0x00000291c0d454a0, 0x00000291c0d45658]
Event: 9.824 Thread 0x00000291dc05fcb0 6247       3       jdk.internal.loader.URLClassPath$JarLoader::getJarFile (102 bytes)
Event: 9.824 Thread 0x00000291dc05fcb0 nmethod 6247 0x00000291c0f13290 code [0x00000291c0f13560, 0x00000291c0f14228]
Event: 9.825 Thread 0x00000291dc05fcb0 6248       3       jdk.internal.loader.URLClassPath$JarLoader::isOptimizable (10 bytes)
Event: 9.825 Thread 0x00000291dc05fcb0 nmethod 6248 0x00000291c0d65890 code [0x00000291c0d65a40, 0x00000291c0d65ba8]
Event: 9.835 Thread 0x00000291dc053740 6249       4       java.io.BufferedReader::readLine (7 bytes)
Event: 9.836 Thread 0x00000291dc053740 nmethod 6249 0x00000291c8877a10 code [0x00000291c8877ba0, 0x00000291c8877c48]

GC Heap History (20 events):
Event: 3.715 GC heap before
{Heap before GC invocations=6 (full 0):
 garbage-first heap   total 68608K, used 47460K [0x0000000080000000, 0x0000000100000000)
  region size 1024K, 27 young (27648K), 1 survivors (1024K)
 Metaspace       used 30576K, committed 30912K, reserved 1114112K
  class space    used 4125K, committed 4288K, reserved 1048576K
}
Event: 3.717 GC heap after
{Heap after GC invocations=7 (full 0):
 garbage-first heap   total 68608K, used 22061K [0x0000000080000000, 0x0000000100000000)
  region size 1024K, 2 young (2048K), 2 survivors (2048K)
 Metaspace       used 30576K, committed 30912K, reserved 1114112K
  class space    used 4125K, committed 4288K, reserved 1048576K
}
Event: 4.217 GC heap before
{Heap before GC invocations=7 (full 0):
 garbage-first heap   total 68608K, used 48685K [0x0000000080000000, 0x0000000100000000)
  region size 1024K, 29 young (29696K), 2 survivors (2048K)
 Metaspace       used 35465K, committed 35840K, reserved 1114112K
  class space    used 4785K, committed 4928K, reserved 1048576K
}
Event: 4.221 GC heap after
{Heap after GC invocations=8 (full 0):
 garbage-first heap   total 68608K, used 23939K [0x0000000080000000, 0x0000000100000000)
  region size 1024K, 4 young (4096K), 4 survivors (4096K)
 Metaspace       used 35465K, committed 35840K, reserved 1114112K
  class space    used 4785K, committed 4928K, reserved 1048576K
}
Event: 4.260 GC heap before
{Heap before GC invocations=8 (full 0):
 garbage-first heap   total 68608K, used 24963K [0x0000000080000000, 0x0000000100000000)
  region size 1024K, 6 young (6144K), 4 survivors (4096K)
 Metaspace       used 35671K, committed 35968K, reserved 1114112K
  class space    used 4803K, committed 4928K, reserved 1048576K
}
Event: 4.265 GC heap after
{Heap after GC invocations=9 (full 0):
 garbage-first heap   total 68608K, used 24291K [0x0000000080000000, 0x0000000100000000)
  region size 1024K, 3 young (3072K), 3 survivors (3072K)
 Metaspace       used 35671K, committed 35968K, reserved 1114112K
  class space    used 4803K, committed 4928K, reserved 1048576K
}
Event: 4.655 GC heap before
{Heap before GC invocations=10 (full 0):
 garbage-first heap   total 68608K, used 48867K [0x0000000080000000, 0x0000000100000000)
  region size 1024K, 28 young (28672K), 3 survivors (3072K)
 Metaspace       used 39349K, committed 39744K, reserved 1114112K
  class space    used 5189K, committed 5376K, reserved 1048576K
}
Event: 4.660 GC heap after
{Heap after GC invocations=11 (full 0):
 garbage-first heap   total 88064K, used 28517K [0x0000000080000000, 0x0000000100000000)
  region size 1024K, 4 young (4096K), 4 survivors (4096K)
 Metaspace       used 39349K, committed 39744K, reserved 1114112K
  class space    used 5189K, committed 5376K, reserved 1048576K
}
Event: 5.561 GC heap before
{Heap before GC invocations=11 (full 0):
 garbage-first heap   total 88064K, used 65381K [0x0000000080000000, 0x0000000100000000)
  region size 1024K, 38 young (38912K), 4 survivors (4096K)
 Metaspace       used 43213K, committed 43584K, reserved 1114112K
  class space    used 5670K, committed 5824K, reserved 1048576K
}
Event: 5.569 GC heap after
{Heap after GC invocations=12 (full 0):
 garbage-first heap   total 88064K, used 30702K [0x0000000080000000, 0x0000000100000000)
  region size 1024K, 4 young (4096K), 4 survivors (4096K)
 Metaspace       used 43213K, committed 43584K, reserved 1114112K
  class space    used 5670K, committed 5824K, reserved 1048576K
}
Event: 6.261 GC heap before
{Heap before GC invocations=12 (full 0):
 garbage-first heap   total 88064K, used 64494K [0x0000000080000000, 0x0000000100000000)
  region size 1024K, 37 young (37888K), 4 survivors (4096K)
 Metaspace       used 48206K, committed 48576K, reserved 1114112K
  class space    used 6378K, committed 6528K, reserved 1048576K
}
Event: 6.265 GC heap after
{Heap after GC invocations=13 (full 0):
 garbage-first heap   total 88064K, used 32737K [0x0000000080000000, 0x0000000100000000)
  region size 1024K, 3 young (3072K), 3 survivors (3072K)
 Metaspace       used 48206K, committed 48576K, reserved 1114112K
  class space    used 6378K, committed 6528K, reserved 1048576K
}
Event: 7.119 GC heap before
{Heap before GC invocations=13 (full 0):
 garbage-first heap   total 88064K, used 66529K [0x0000000080000000, 0x0000000100000000)
  region size 1024K, 36 young (36864K), 3 survivors (3072K)
 Metaspace       used 53960K, committed 54336K, reserved 1114112K
  class space    used 7075K, committed 7232K, reserved 1048576K
}
Event: 7.124 GC heap after
{Heap after GC invocations=14 (full 0):
 garbage-first heap   total 88064K, used 35988K [0x0000000080000000, 0x0000000100000000)
  region size 1024K, 5 young (5120K), 5 survivors (5120K)
 Metaspace       used 53960K, committed 54336K, reserved 1114112K
  class space    used 7075K, committed 7232K, reserved 1048576K
}
Event: 9.473 GC heap before
{Heap before GC invocations=14 (full 0):
 garbage-first heap   total 88064K, used 66708K [0x0000000080000000, 0x0000000100000000)
  region size 1024K, 36 young (36864K), 5 survivors (5120K)
 Metaspace       used 58196K, committed 58688K, reserved 1114112K
  class space    used 7638K, committed 7872K, reserved 1048576K
}
Event: 9.480 GC heap after
{Heap after GC invocations=15 (full 0):
 garbage-first heap   total 88064K, used 38765K [0x0000000080000000, 0x0000000100000000)
  region size 1024K, 3 young (3072K), 3 survivors (3072K)
 Metaspace       used 58196K, committed 58688K, reserved 1114112K
  class space    used 7638K, committed 7872K, reserved 1048576K
}
Event: 9.705 GC heap before
{Heap before GC invocations=15 (full 0):
 garbage-first heap   total 88064K, used 47981K [0x0000000080000000, 0x0000000100000000)
  region size 1024K, 11 young (11264K), 3 survivors (3072K)
 Metaspace       used 58373K, committed 58816K, reserved 1114112K
  class space    used 7659K, committed 7872K, reserved 1048576K
}
Event: 9.709 GC heap after
{Heap after GC invocations=16 (full 0):
 garbage-first heap   total 88064K, used 42802K [0x0000000080000000, 0x0000000100000000)
  region size 1024K, 1 young (1024K), 1 survivors (1024K)
 Metaspace       used 58373K, committed 58816K, reserved 1114112K
  class space    used 7659K, committed 7872K, reserved 1048576K
}
Event: 9.881 GC heap before
{Heap before GC invocations=17 (full 0):
 garbage-first heap   total 88064K, used 47922K [0x0000000080000000, 0x0000000100000000)
  region size 1024K, 5 young (5120K), 1 survivors (1024K)
 Metaspace       used 58380K, committed 58880K, reserved 1114112K
  class space    used 7659K, committed 7872K, reserved 1048576K
}
Event: 9.882 GC heap after
{Heap after GC invocations=18 (full 0):
 garbage-first heap   total 88064K, used 46991K [0x0000000080000000, 0x0000000100000000)
  region size 1024K, 4 young (4096K), 4 survivors (4096K)
 Metaspace       used 58380K, committed 58880K, reserved 1114112K
  class space    used 7659K, committed 7872K, reserved 1048576K
}

Dll operation events (2 events):
Event: 0.009 Loaded shared library C:\Program Files\Android\Android Studio\jbr\bin\java.dll
Event: 0.406 Loaded shared library C:\Program Files\Android\Android Studio\jbr\bin\verify.dll

Deoptimization events (20 events):
Event: 9.186 Thread 0x00000291e14cb000 DEOPT PACKING pc=0x00000291c8acfff8 sp=0x000000cb326fdd80
Event: 9.186 Thread 0x00000291e14cb000 DEOPT UNPACKING pc=0x00000291c82aa1a3 sp=0x000000cb326fdcc8 mode 2
Event: 9.192 Thread 0x00000291de54c6d0 DEOPT PACKING pc=0x00000291c10bbb1b sp=0x000000cb2daf7630
Event: 9.192 Thread 0x00000291de54c6d0 DEOPT UNPACKING pc=0x00000291c82aace3 sp=0x000000cb2daf6aa0 mode 0
Event: 9.219 Thread 0x00000291e14c7d60 DEOPT PACKING pc=0x00000291c11052d4 sp=0x000000cb332fd4a0
Event: 9.219 Thread 0x00000291e14c7d60 DEOPT UNPACKING pc=0x00000291c82aace3 sp=0x000000cb332fc9f8 mode 0
Event: 9.254 Thread 0x00000291e1430ae0 DEOPT PACKING pc=0x00000291c11052d4 sp=0x000000cb33efd940
Event: 9.254 Thread 0x00000291e1430ae0 DEOPT UNPACKING pc=0x00000291c82aace3 sp=0x000000cb33efce98 mode 0
Event: 9.277 Thread 0x00000291ddc10b50 DEOPT PACKING pc=0x00000291c15dadc3 sp=0x000000cb2e2fe5e0
Event: 9.277 Thread 0x00000291ddc10b50 DEOPT UNPACKING pc=0x00000291c82aace3 sp=0x000000cb2e2fda68 mode 0
Event: 9.402 Thread 0x00000291de54c6d0 Uncommon trap: trap_request=0xffffff45 fr.pc=0x00000291c8854cac relative=0x000000000000036c
Event: 9.402 Thread 0x00000291de54c6d0 Uncommon trap: reason=unstable_if action=reinterpret pc=0x00000291c8854cac method=org.gradle.internal.snapshot.PathUtil.equalChars(CCLorg/gradle/internal/snapshot/CaseSensitivity;)Z @ 40 c2
Event: 9.402 Thread 0x00000291de54c6d0 DEOPT PACKING pc=0x00000291c8854cac sp=0x000000cb2daf8110
Event: 9.402 Thread 0x00000291de54c6d0 DEOPT UNPACKING pc=0x00000291c82aa1a3 sp=0x000000cb2daf80a0 mode 2
Event: 9.696 Thread 0x00000291de54c6d0 DEOPT PACKING pc=0x00000291c0ddc03d sp=0x000000cb2daf7350
Event: 9.696 Thread 0x00000291de54c6d0 DEOPT UNPACKING pc=0x00000291c82aace3 sp=0x000000cb2daf67e8 mode 0
Event: 9.704 Thread 0x00000291de54c6d0 Uncommon trap: trap_request=0xffffff45 fr.pc=0x00000291c8a33914 relative=0x0000000000001834
Event: 9.704 Thread 0x00000291de54c6d0 Uncommon trap: reason=unstable_if action=reinterpret pc=0x00000291c8a33914 method=java.util.zip.ZipFile.getInputStream(Ljava/util/zip/ZipEntry;)Ljava/io/InputStream; @ 101 c2
Event: 9.704 Thread 0x00000291de54c6d0 DEOPT PACKING pc=0x00000291c8a33914 sp=0x000000cb2daf75e0
Event: 9.704 Thread 0x00000291de54c6d0 DEOPT UNPACKING pc=0x00000291c82aa1a3 sp=0x000000cb2daf7598 mode 2

Classes unloaded (0 events):
No events

Classes redefined (0 events):
No events

Internal exceptions (20 events):
Event: 6.377 Thread 0x00000291de54c6d0 Exception <a 'java/lang/NoSuchMethodError'{0x0000000084fecf88}: 'int java.lang.invoke.DirectMethodHandle$Holder.invokeStaticInit(java.lang.Object)'> (0x0000000084fecf88) 
thrown [s\src\hotspot\share\interpreter\linkResolver.cpp, line 771]
Event: 6.385 Thread 0x00000291de54c6d0 Exception <a 'java/lang/NoSuchMethodError'{0x0000000084e5f8f0}: 'java.lang.Object java.lang.invoke.DirectMethodHandle$Holder.newInvokeSpecial(java.lang.Object, java.lang.Object, java.lang.Object, java.lang.Object, java.lang.Object, int)'> (0x0000000084e5f8f0) 
thrown [s\src\hotspot\share\interpreter\linkResolver.cpp, line 771]
Event: 6.385 Thread 0x00000291de54c6d0 Exception <a 'java/lang/NoSuchMethodError'{0x0000000084e64ca0}: 'java.lang.Object java.lang.invoke.DirectMethodHandle$Holder.invokeSpecial(java.lang.Object, java.lang.Object, java.lang.Object, java.lang.Object, java.lang.Object, java.lang.Object, int)'> (0x0000000084e64ca0) 
thrown [s\src\hotspot\share\interpreter\linkResolver.cpp, line 771]
Event: 6.399 Thread 0x00000291de54c6d0 Exception <a 'java/lang/NoSuchMethodError'{0x0000000084d40b10}: 'void java.lang.invoke.DirectMethodHandle$Holder.invokeStatic(java.lang.Object, java.lang.Object, java.lang.Object, int, java.lang.Object)'> (0x0000000084d40b10) 
thrown [s\src\hotspot\share\interpreter\linkResolver.cpp, line 771]
Event: 6.478 Thread 0x00000291de54c6d0 Exception <a 'java/lang/NoSuchMethodError'{0x0000000084924dd8}: 'java.lang.Object java.lang.invoke.DelegatingMethodHandle$Holder.reinvoke_L(java.lang.Object, java.lang.Object, java.lang.Object, java.lang.Object, java.lang.Object, java.lang.Object, java.lang.Object, java.lang.Object, java.lang.Object, java.lang.Object, java.lang.Object, java.lang.Object, java.lang.Object, java.lang.Object, java.lang.Object, java.lang.Object, java.lang.Object, java.lang.Object, java.lang.Object, java.lang.Object, java.lang.O
Event: 6.478 Thread 0x00000291de54c6d0 Exception <a 'java/lang/NoSuchMethodError'{0x0000000084930af8}: 'java.lang.Object java.lang.invoke.Invokers$Holder.invoker(java.lang.Object, java.lang.Object, java.lang.Object, java.lang.Object, java.lang.Object, java.lang.Object, java.lang.Object, java.lang.Object, java.lang.Object, java.lang.Object, java.lang.Object, java.lang.Object, java.lang.Object, java.lang.Object, java.lang.Object, java.lang.Object, java.lang.Object, java.lang.Object, java.lang.Object, java.lang.Object, java.lang.Object)'> (0x00000
Event: 6.479 Thread 0x00000291de54c6d0 Exception <a 'java/lang/NoSuchMethodError'{0x0000000084937a80}: 'java.lang.Object java.lang.invoke.DelegatingMethodHandle$Holder.delegate(java.lang.Object, java.lang.Object, java.lang.Object, java.lang.Object, java.lang.Object, java.lang.Object, java.lang.Object, java.lang.Object, java.lang.Object, java.lang.Object, java.lang.Object, java.lang.Object, java.lang.Object, java.lang.Object, java.lang.Object, java.lang.Object, java.lang.Object, java.lang.Object, java.lang.Object, java.lang.Object, java.lang.Obj
Event: 6.485 Thread 0x00000291de54c6d0 Exception <a 'java/lang/NoSuchMethodError'{0x00000000849a7b70}: 'java.lang.Object java.lang.invoke.DirectMethodHandle$Holder.invokeStatic(java.lang.Object, java.lang.Object, java.lang.Object, java.lang.Object, java.lang.Object, java.lang.Object, java.lang.Object, java.lang.Object, java.lang.Object, java.lang.Object, java.lang.Object, java.lang.Object, java.lang.Object, java.lang.Object, java.lang.Object, java.lang.Object, java.lang.Object)'> (0x00000000849a7b70) 
thrown [s\src\hotspot\share\interpreter\lin
Event: 6.487 Thread 0x00000291de54c6d0 Exception <a 'java/lang/NoSuchMethodError'{0x00000000849cfd18}: 'java.lang.Object java.lang.invoke.DirectMethodHandle$Holder.invokeStatic(java.lang.Object, java.lang.Object, java.lang.Object, java.lang.Object, java.lang.Object, java.lang.Object, java.lang.Object, java.lang.Object, java.lang.Object, java.lang.Object, java.lang.Object, java.lang.Object, java.lang.Object, java.lang.Object, java.lang.Object, java.lang.Object, java.lang.Object, java.lang.Object)'> (0x00000000849cfd18) 
thrown [s\src\hotspot\sha
Event: 6.489 Thread 0x00000291de54c6d0 Exception <a 'java/lang/NoSuchMethodError'{0x00000000849f88b0}: 'java.lang.Object java.lang.invoke.DirectMethodHandle$Holder.invokeStatic(java.lang.Object, java.lang.Object, java.lang.Object, java.lang.Object, java.lang.Object, java.lang.Object, java.lang.Object, java.lang.Object, java.lang.Object, java.lang.Object, java.lang.Object, java.lang.Object, java.lang.Object, java.lang.Object, java.lang.Object, java.lang.Object, java.lang.Object, java.lang.Object, java.lang.Object)'> (0x00000000849f88b0) 
thrown 
Event: 6.491 Thread 0x00000291de54c6d0 Exception <a 'java/lang/NoSuchMethodError'{0x0000000084822b98}: 'java.lang.Object java.lang.invoke.DirectMethodHandle$Holder.invokeStatic(java.lang.Object, java.lang.Object, java.lang.Object, java.lang.Object, java.lang.Object, java.lang.Object, java.lang.Object, java.lang.Object, java.lang.Object, java.lang.Object, java.lang.Object, java.lang.Object, java.lang.Object, java.lang.Object, java.lang.Object, java.lang.Object, java.lang.Object, java.lang.Object, java.lang.Object, java.lang.Object)'> (0x00000000
Event: 6.493 Thread 0x00000291de54c6d0 Exception <a 'java/lang/NoSuchMethodError'{0x000000008484da88}: 'java.lang.Object java.lang.invoke.DirectMethodHandle$Holder.invokeStatic(java.lang.Object, java.lang.Object, java.lang.Object, java.lang.Object, java.lang.Object, java.lang.Object, java.lang.Object, java.lang.Object, java.lang.Object, java.lang.Object, java.lang.Object, java.lang.Object, java.lang.Object, java.lang.Object, java.lang.Object, java.lang.Object, java.lang.Object, java.lang.Object, java.lang.Object, java.lang.Object, java.lang.Obj
Event: 6.496 Thread 0x00000291de54c6d0 Exception <a 'java/lang/NoSuchMethodError'{0x00000000848792e0}: 'java.lang.Object java.lang.invoke.DirectMethodHandle$Holder.invokeStatic(java.lang.Object, java.lang.Object, java.lang.Object, java.lang.Object, java.lang.Object, java.lang.Object, java.lang.Object, java.lang.Object, java.lang.Object, java.lang.Object, java.lang.Object, java.lang.Object, java.lang.Object, java.lang.Object, java.lang.Object, java.lang.Object, java.lang.Object, java.lang.Object, java.lang.Object, java.lang.Object, java.lang.Obj
Event: 6.499 Thread 0x00000291de54c6d0 Exception <a 'java/lang/NoSuchMethodError'{0x00000000848a6818}: 'java.lang.Object java.lang.invoke.DirectMethodHandle$Holder.invokeStatic(java.lang.Object, java.lang.Object, java.lang.Object, java.lang.Object, java.lang.Object, java.lang.Object, java.lang.Object, java.lang.Object, java.lang.Object, java.lang.Object, java.lang.Object, java.lang.Object, java.lang.Object, java.lang.Object, java.lang.Object, java.lang.Object, java.lang.Object, java.lang.Object, java.lang.Object, java.lang.Object, java.lang.Obj
Event: 6.501 Thread 0x00000291de54c6d0 Exception <a 'java/lang/NoSuchMethodError'{0x00000000848d53c0}: 'java.lang.Object java.lang.invoke.DirectMethodHandle$Holder.invokeStatic(java.lang.Object, java.lang.Object, java.lang.Object, java.lang.Object, java.lang.Object, java.lang.Object, java.lang.Object, java.lang.Object, java.lang.Object, java.lang.Object, java.lang.Object, java.lang.Object, java.lang.Object, java.lang.Object, java.lang.Object, java.lang.Object, java.lang.Object, java.lang.Object, java.lang.Object, java.lang.Object, java.lang.Obj
Event: 6.579 Thread 0x00000291de54c6d0 Exception <a 'java/lang/NoSuchMethodError'{0x00000000845bfc08}: 'java.lang.Object java.lang.invoke.DirectMethodHandle$Holder.newInvokeSpecial(java.lang.Object, java.lang.Object, int)'> (0x00000000845bfc08) 
thrown [s\src\hotspot\share\interpreter\linkResolver.cpp, line 771]
Event: 6.976 Thread 0x00000291de54c6d0 Implicit null exception at 0x00000291c88470f2 to 0x00000291c8847744
Event: 7.008 Thread 0x00000291de54c6d0 Exception <a 'sun/nio/fs/WindowsException'{0x000000008395b620}> (0x000000008395b620) 
thrown [s\src\hotspot\share\prims\jni.cpp, line 517]
Event: 9.662 Thread 0x00000291de54c6d0 Exception <a 'java/lang/ClassNotFoundException'{0x0000000084f95c40}: build_22exlgqi8v0aqug92ieqrj1w6BeanInfo> (0x0000000084f95c40) 
thrown [s\src\hotspot\share\classfile\systemDictionary.cpp, line 256]
Event: 9.662 Thread 0x00000291de54c6d0 Exception <a 'java/lang/ClassNotFoundException'{0x0000000084fadec0}: build_22exlgqi8v0aqug92ieqrj1w6Customizer> (0x0000000084fadec0) 
thrown [s\src\hotspot\share\classfile\systemDictionary.cpp, line 256]

VM Operations (20 events):
Event: 7.215 Executing VM operation: HandshakeAllThreads done
Event: 7.854 Executing VM operation: HandshakeAllThreads
Event: 7.854 Executing VM operation: HandshakeAllThreads done
Event: 7.872 Executing VM operation: HandshakeAllThreads
Event: 7.872 Executing VM operation: HandshakeAllThreads done
Event: 7.879 Executing VM operation: HandshakeAllThreads
Event: 7.879 Executing VM operation: HandshakeAllThreads done
Event: 8.879 Executing VM operation: Cleanup
Event: 8.879 Executing VM operation: Cleanup done
Event: 9.473 Executing VM operation: G1CollectForAllocation
Event: 9.480 Executing VM operation: G1CollectForAllocation done
Event: 9.705 Executing VM operation: G1TryInitiateConcMark
Event: 9.709 Executing VM operation: G1TryInitiateConcMark done
Event: 9.753 Executing VM operation: G1PauseRemark
Event: 9.756 Executing VM operation: G1PauseRemark done
Event: 9.772 Executing VM operation: G1PauseCleanup
Event: 9.772 Executing VM operation: G1PauseCleanup done
Event: 9.881 Executing VM operation: G1TryInitiateConcMark
Event: 9.882 Executing VM operation: G1TryInitiateConcMark done
Event: 9.912 Executing VM operation: G1PauseRemark

Events (20 events):
Event: 9.131 Thread 0x00000291e14c6e30 Thread added: 0x00000291e14c6e30
Event: 9.131 Thread 0x00000291e14c7850 Thread added: 0x00000291e14c7850
Event: 9.132 Thread 0x00000291e14c8270 Thread added: 0x00000291e14c8270
Event: 9.132 Thread 0x00000291e14cd370 Thread added: 0x00000291e14cd370
Event: 9.140 Thread 0x00000291e14c8780 Thread added: 0x00000291e14c8780
Event: 9.141 Thread 0x00000291e14c8c90 Thread added: 0x00000291e14c8c90
Event: 9.141 Thread 0x00000291e14c91a0 Thread added: 0x00000291e14c91a0
Event: 9.145 Thread 0x00000291e14c96b0 Thread added: 0x00000291e14c96b0
Event: 9.146 Thread 0x00000291e142e260 Thread added: 0x00000291e142e260
Event: 9.146 Thread 0x00000291e142e770 Thread added: 0x00000291e142e770
Event: 9.146 Thread 0x00000291e1430ae0 Thread added: 0x00000291e1430ae0
Event: 9.146 Thread 0x00000291e1432940 Thread added: 0x00000291e1432940
Event: 9.146 Thread 0x00000291e1434290 Thread added: 0x00000291e1434290
Event: 9.146 Thread 0x00000291e142d840 Thread added: 0x00000291e142d840
Event: 9.159 Thread 0x00000291dca2bed0 Thread added: 0x00000291dca2bed0
Event: 9.445 Thread 0x00000291e142dd50 Thread added: 0x00000291e142dd50
Event: 9.445 Thread 0x00000291e142ec80 Thread added: 0x00000291e142ec80
Event: 9.446 Thread 0x00000291e1432e50 Thread added: 0x00000291e1432e50
Event: 9.446 Thread 0x00000291e142f190 Thread added: 0x00000291e142f190
Event: 9.446 Thread 0x00000291e142d330 Thread added: 0x00000291e142d330


Dynamic libraries:
0x00007ff73f310000 - 0x00007ff73f31a000 	C:\Program Files\Android\Android Studio\jbr\bin\java.exe
0x00007ffe60330000 - 0x00007ffe60547000 	C:\Windows\SYSTEM32\ntdll.dll
0x00007ffe5eba0000 - 0x00007ffe5ec64000 	C:\Windows\System32\KERNEL32.DLL
0x00007ffe5da10000 - 0x00007ffe5ddbc000 	C:\Windows\System32\KERNELBASE.dll
0x00007ffe5de80000 - 0x00007ffe5df91000 	C:\Windows\System32\ucrtbase.dll
0x00007ffe2f800000 - 0x00007ffe2f817000 	C:\Program Files\Android\Android Studio\jbr\bin\jli.dll
0x00007ffe19a70000 - 0x00007ffe19a8b000 	C:\Program Files\Android\Android Studio\jbr\bin\VCRUNTIME140.dll
0x00007ffe5fa20000 - 0x00007ffe5fbce000 	C:\Windows\System32\USER32.dll
0x00007ffe5d890000 - 0x00007ffe5d8b6000 	C:\Windows\System32\win32u.dll
0x00007ffe3b220000 - 0x00007ffe3b4b3000 	C:\Windows\WinSxS\amd64_microsoft.windows.common-controls_6595b64144ccf1df_6.0.22621.3672_none_2713b9d173822955\COMCTL32.dll
0x00007ffe5e520000 - 0x00007ffe5e549000 	C:\Windows\System32\GDI32.dll
0x00007ffe5e110000 - 0x00007ffe5e1b7000 	C:\Windows\System32\msvcrt.dll
0x00007ffe5d8f0000 - 0x00007ffe5da09000 	C:\Windows\System32\gdi32full.dll
0x00007ffe5dfa0000 - 0x00007ffe5e03a000 	C:\Windows\System32\msvcp_win.dll
0x00007ffe5ecd0000 - 0x00007ffe5ed01000 	C:\Windows\System32\IMM32.DLL
0x00007ffe19a60000 - 0x00007ffe19a6c000 	C:\Program Files\Android\Android Studio\jbr\bin\vcruntime140_1.dll
0x00007ffe199d0000 - 0x00007ffe19a5d000 	C:\Program Files\Android\Android Studio\jbr\bin\msvcp140.dll
0x00007ffe08770000 - 0x00007ffe093f3000 	C:\Program Files\Android\Android Studio\jbr\bin\server\jvm.dll
0x00007ffe5fc80000 - 0x00007ffe5fd32000 	C:\Windows\System32\ADVAPI32.dll
0x00007ffe5fbd0000 - 0x00007ffe5fc78000 	C:\Windows\System32\sechost.dll
0x00007ffe5d8c0000 - 0x00007ffe5d8e8000 	C:\Windows\System32\bcrypt.dll
0x00007ffe5e290000 - 0x00007ffe5e3a5000 	C:\Windows\System32\RPCRT4.dll
0x00007ffe5d4f0000 - 0x00007ffe5d53d000 	C:\Windows\SYSTEM32\POWRPROF.dll
0x00007ffe37b30000 - 0x00007ffe37b39000 	C:\Windows\SYSTEM32\WSOCK32.dll
0x00007ffe573f0000 - 0x00007ffe573fa000 	C:\Windows\SYSTEM32\VERSION.dll
0x00007ffe5f820000 - 0x00007ffe5f891000 	C:\Windows\System32\WS2_32.dll
0x00007ffe56780000 - 0x00007ffe567b4000 	C:\Windows\SYSTEM32\WINMM.dll
0x00007ffe5d4d0000 - 0x00007ffe5d4e3000 	C:\Windows\SYSTEM32\UMPDC.dll
0x00007ffe5c660000 - 0x00007ffe5c678000 	C:\Windows\SYSTEM32\kernel.appcore.dll
0x00007ffe26fb0000 - 0x00007ffe26fba000 	C:\Program Files\Android\Android Studio\jbr\bin\jimage.dll
0x00007ffe5b110000 - 0x00007ffe5b342000 	C:\Windows\SYSTEM32\DBGHELP.DLL
0x00007ffe5fdd0000 - 0x00007ffe60158000 	C:\Windows\System32\combase.dll
0x00007ffe5ed10000 - 0x00007ffe5ede7000 	C:\Windows\System32\OLEAUT32.dll
0x00007ffe40e30000 - 0x00007ffe40e62000 	C:\Windows\SYSTEM32\dbgcore.DLL
0x00007ffe5d6a0000 - 0x00007ffe5d71b000 	C:\Windows\System32\bcryptPrimitives.dll
0x00007ffe08680000 - 0x00007ffe086a5000 	C:\Program Files\Android\Android Studio\jbr\bin\java.dll
0x00007ffe0daa0000 - 0x00007ffe0dab8000 	C:\Program Files\Android\Android Studio\jbr\bin\zip.dll
0x00007ffe5efc0000 - 0x00007ffe5f81c000 	C:\Windows\System32\SHELL32.dll
0x00007ffe5b580000 - 0x00007ffe5be77000 	C:\Windows\SYSTEM32\windows.storage.dll
0x00007ffe5b440000 - 0x00007ffe5b57f000 	C:\Windows\SYSTEM32\wintypes.dll
0x00007ffe5e420000 - 0x00007ffe5e514000 	C:\Windows\System32\SHCORE.dll
0x00007ffe5e3c0000 - 0x00007ffe5e41e000 	C:\Windows\System32\shlwapi.dll
0x00007ffe5d560000 - 0x00007ffe5d581000 	C:\Windows\SYSTEM32\profapi.dll
0x00007ffe0b3d0000 - 0x00007ffe0b3e9000 	C:\Program Files\Android\Android Studio\jbr\bin\net.dll
0x00007ffe56c10000 - 0x00007ffe56d46000 	C:\Windows\SYSTEM32\WINHTTP.dll
0x00007ffe5cad0000 - 0x00007ffe5cb39000 	C:\Windows\system32\mswsock.dll
0x00007ffe08660000 - 0x00007ffe08676000 	C:\Program Files\Android\Android Studio\jbr\bin\nio.dll
0x00007ffe57c60000 - 0x00007ffe57c70000 	C:\Program Files\Android\Android Studio\jbr\bin\verify.dll
0x00007ffe19a90000 - 0x00007ffe19ab7000 	C:\Users\Microsoft\.gradle\native\68d5fa5c4cc2d200863cafc0d521ce42e7d3e7ee720ec0a83991735586a16f82\windows-amd64\native-platform.dll
0x00007ffe19880000 - 0x00007ffe199c4000 	C:\Users\Microsoft\.gradle\native\e376f236ea51e6404a007f0833ffe2c6e607c4080706a723a18a27aeea778392\windows-amd64\native-platform-file-events.dll
0x00007ffe57c80000 - 0x00007ffe57c89000 	C:\Program Files\Android\Android Studio\jbr\bin\management.dll
0x00007ffe57c70000 - 0x00007ffe57c7b000 	C:\Program Files\Android\Android Studio\jbr\bin\management_ext.dll
0x00007ffe5eb90000 - 0x00007ffe5eb98000 	C:\Windows\System32\PSAPI.DLL
0x00007ffe5cd40000 - 0x00007ffe5cd5b000 	C:\Windows\SYSTEM32\CRYPTSP.dll
0x00007ffe5c5c0000 - 0x00007ffe5c5f5000 	C:\Windows\system32\rsaenh.dll
0x00007ffe5cbd0000 - 0x00007ffe5cbf8000 	C:\Windows\SYSTEM32\USERENV.dll
0x00007ffe5cd30000 - 0x00007ffe5cd3c000 	C:\Windows\SYSTEM32\CRYPTBASE.dll
0x00007ffe5c120000 - 0x00007ffe5c14d000 	C:\Windows\SYSTEM32\IPHLPAPI.DLL
0x00007ffe5e0b0000 - 0x00007ffe5e0b9000 	C:\Windows\System32\NSI.dll
0x00007ffe56be0000 - 0x00007ffe56bf9000 	C:\Windows\SYSTEM32\dhcpcsvc6.DLL
0x00007ffe56a80000 - 0x00007ffe56a9f000 	C:\Windows\SYSTEM32\dhcpcsvc.DLL
0x00007ffe5c150000 - 0x00007ffe5c248000 	C:\Windows\SYSTEM32\DNSAPI.dll
0x00007ffe57c90000 - 0x00007ffe57c98000 	C:\Windows\system32\wshunix.dll
0x00007ffe53b90000 - 0x00007ffe53b9a000 	C:\Windows\System32\rasadhlp.dll
0x00007ffe55cf0000 - 0x00007ffe55d73000 	C:\Windows\System32\fwpuclnt.dll

dbghelp: loaded successfully - version: 4.0.5 - missing functions: none
symbol engine: initialized successfully - sym options: 0x614 - pdb path: .;C:\Program Files\Android\Android Studio\jbr\bin;C:\Windows\SYSTEM32;C:\Windows\WinSxS\amd64_microsoft.windows.common-controls_6595b64144ccf1df_6.0.22621.3672_none_2713b9d173822955;C:\Program Files\Android\Android Studio\jbr\bin\server;C:\Users\Microsoft\.gradle\native\68d5fa5c4cc2d200863cafc0d521ce42e7d3e7ee720ec0a83991735586a16f82\windows-amd64;C:\Users\Microsoft\.gradle\native\e376f236ea51e6404a007f0833ffe2c6e607c4080706a723a18a27aeea778392\windows-amd64

VM Arguments:
jvm_args: --add-opens=java.base/java.util=ALL-UNNAMED --add-opens=java.base/java.lang=ALL-UNNAMED --add-opens=java.base/java.lang.invoke=ALL-UNNAMED --add-opens=java.prefs/java.util.prefs=ALL-UNNAMED --add-opens=java.base/java.nio.charset=ALL-UNNAMED --add-opens=java.base/java.net=ALL-UNNAMED --add-opens=java.base/java.util.concurrent.atomic=ALL-UNNAMED -Xmx2048m -Dfile.encoding=UTF-8 -Duser.country=ES -Duser.language=es -Duser.variant 
java_command: org.gradle.launcher.daemon.bootstrap.GradleDaemon 8.0
java_class_path (initial): C:\Users\Microsoft\.gradle\wrapper\dists\gradle-8.0-bin\ca5e32bp14vu59qr306oxotwh\gradle-8.0\lib\gradle-launcher-8.0.jar
Launcher Type: SUN_STANDARD

[Global flags]
     intx CICompilerCount                          = 4                                         {product} {ergonomic}
     uint ConcGCThreads                            = 2                                         {product} {ergonomic}
     uint G1ConcRefinementThreads                  = 8                                         {product} {ergonomic}
   size_t G1HeapRegionSize                         = 1048576                                   {product} {ergonomic}
    uintx GCDrainStackTargetSize                   = 64                                        {product} {ergonomic}
   size_t InitialHeapSize                          = 130023424                                 {product} {ergonomic}
   size_t MarkStackSize                            = 4194304                                   {product} {ergonomic}
   size_t MaxHeapSize                              = 2147483648                                {product} {command line}
   size_t MaxNewSize                               = 1287651328                                {product} {ergonomic}
   size_t MinHeapDeltaBytes                        = 1048576                                   {product} {ergonomic}
   size_t MinHeapSize                              = 8388608                                   {product} {ergonomic}
    uintx NonNMethodCodeHeapSize                   = 5839372                                {pd product} {ergonomic}
    uintx NonProfiledCodeHeapSize                  = 122909434                              {pd product} {ergonomic}
    uintx ProfiledCodeHeapSize                     = 122909434                              {pd product} {ergonomic}
    uintx ReservedCodeCacheSize                    = 251658240                              {pd product} {ergonomic}
     bool SegmentedCodeCache                       = true                                      {product} {ergonomic}
   size_t SoftMaxHeapSize                          = 2147483648                             {manageable} {ergonomic}
     bool UseCompressedClassPointers               = true                           {product lp64_product} {ergonomic}
     bool UseCompressedOops                        = true                           {product lp64_product} {ergonomic}
     bool UseG1GC                                  = true                                      {product} {ergonomic}
     bool UseLargePagesIndividualAllocation        = false                                  {pd product} {ergonomic}

Logging:
Log output configuration:
 #0: stdout all=warning uptime,level,tags
 #1: stderr all=off uptime,level,tags

Environment Variables:
JAVA_HOME=C:\Program Files\Eclipse Adoptium\jdk-17.0.9.9-hotspot
PATH=C:\Program Files\Eclipse Adoptium\jdk-17.0.9.9-hotspot\bin;C:\Windows\system32;C:\Windows;C:\Windows\System32\Wbem;C:\Windows\System32\WindowsPowerShell\v1.0\;C:\Windows\System32\OpenSSH\;C:\Program Files\Azure Data Studio\bin;C:\Program Files\Microsoft SQL Server\150\Tools\Binn\;C:\Program Files\Microsoft SQL Server\Client SDK\ODBC\170\Tools\Binn\;C:\Program Files (x86)\Microsoft SQL Server\160\Tools\Binn\;C:\Program Files\Microsoft SQL Server\160\Tools\Binn\;C:\Program Files\Microsoft SQL Server\160\DTS\Binn\;C:\Program Files (x86)\Microsoft SQL Server\160\DTS\Binn\;C:\Program Files\dotnet\;C:\Program Files\nodejs\;C:\Program Files\Git\cmd;C:\Users\Microsoft\AppData\Local\Programs\Python\Launcher\;C:\Users\Microsoft\AppData\Local\Microsoft\WindowsApps;;C:\Program Files\Azure Data Studio\bin;C:\Users\Microsoft\AppData\Local\Programs\Microsoft VS Code\bin;C:\Users\Microsoft\.dotnet\tools;C:\Users\Microsoft\AppData\Roaming\npm
USERNAME=Microsoft
OS=Windows_NT
PROCESSOR_IDENTIFIER=Intel64 Family 6 Model 126 Stepping 5, GenuineIntel
TMP=C:\Users\MICROS~1\AppData\Local\Temp
TEMP=C:\Users\MICROS~1\AppData\Local\Temp



Periodic native trim disabled

JNI global refs:
JNI global refs: 24, weak refs: 0

JNI global refs memory usage: 843, weak refs: 841

OOME stack traces (most recent first):
Classloader memory used:
Loader org.gradle.internal.classloader.VisitableURLClassLoader                         : 3025K
Loader bootstrap                                                                       : 3010K
Loader org.gradle.initialization.MixInLegacyTypesClassLoader                           : 1114K
Loader jdk.internal.loader.ClassLoaders$PlatformClassLoader                            : 100K
Loader jdk.internal.loader.ClassLoaders$AppClassLoader                                 : 26051B
Loader jdk.internal.reflect.DelegatingClassLoader                                      : 12871B
Loader org.gradle.groovy.scripts.internal.DefaultScriptCompilationHandler$ScriptClassLoader: 7677B
Loader org.codehaus.groovy.runtime.callsite.CallSiteClassLoader                        : 1520B

Classes loaded by more than one classloader:
Class org.gradle.internal.installation.GradleInstallation                             : loaded 2 times (x 73B)
Class org.gradle.internal.classpath.ClassPath                                         : loaded 2 times (x 68B)
Class org.gradle.api.internal.classpath.DefaultModuleRegistry                         : loaded 2 times (x 84B)
Class build_22exlgqi8v0aqug92ieqrj1w6$_run_closure1                                   : loaded 2 times (x 134B)
Class org.gradle.api.Action                                                           : loaded 2 times (x 68B)
Class settings_bnkqdqmni9uy58glsgrd2zmhf                                              : loaded 2 times (x 177B)
Class settings_bnkqdqmni9uy58glsgrd2zmhf$_run_closure1                                : loaded 2 times (x 134B)
Class org.gradle.api.internal.DefaultClassPathProvider                                : loaded 2 times (x 74B)
Class org.gradle.internal.installation.GradleInstallation$1                           : loaded 2 times (x 73B)
Class org.gradle.internal.classloader.FilteringClassLoader                            : loaded 2 times (x 103B)
Class org.gradle.internal.classpath.DefaultClassPath$ImmutableUniqueList$Builder      : loaded 2 times (x 73B)
Class org.gradle.internal.classloader.ClassLoaderVisitor                              : loaded 2 times (x 74B)
Class org.gradle.internal.service.DefaultServiceLocator                               : loaded 2 times (x 81B)
Class org.gradle.internal.service.UnknownServiceException                             : loaded 2 times (x 81B)
Class org.gradle.internal.classloader.DefaultClassLoaderFactory                       : loaded 2 times (x 80B)
Class org.gradle.internal.classloader.VisitableURLClassLoader$Spec                    : loaded 2 times (x 72B)
Class org.gradle.api.GradleException                                                  : loaded 2 times (x 80B)
Class org.gradle.api.internal.classpath.ModuleRegistry                                : loaded 2 times (x 68B)
Class org.gradle.api.internal.ClassPathProvider                                       : loaded 2 times (x 68B)
Class org.gradle.internal.classloader.ClasspathUtil$1                                 : loaded 2 times (x 74B)
Class org.gradle.internal.classloader.ClassLoaderFactory                              : loaded 2 times (x 68B)
Class org.gradle.api.internal.classpath.ManifestUtil                                  : loaded 2 times (x 69B)
Class org.gradle.api.specs.Spec                                                       : loaded 2 times (x 68B)
Class org.gradle.internal.IoActions                                                   : loaded 2 times (x 69B)
Class org.gradle.api.internal.classpath.EffectiveClassPath                            : loaded 2 times (x 88B)
Class org.gradle.internal.installation.CurrentGradleInstallation                      : loaded 2 times (x 71B)
Class org.gradle.internal.installation.CurrentGradleInstallationLocator               : loaded 2 times (x 69B)
Class org.gradle.api.internal.classpath.Module                                        : loaded 2 times (x 68B)
Class org.gradle.internal.service.CachingServiceLocator                               : loaded 2 times (x 80B)
Class org.gradle.internal.classpath.DefaultClassPath                                  : loaded 2 times (x 88B)
Class org.gradle.internal.classloader.SystemClassLoaderSpec                           : loaded 2 times (x 69B)
Class org.gradle.api.UncheckedIOException                                             : loaded 2 times (x 80B)
Class org.gradle.internal.classloader.ClasspathUtil                                   : loaded 2 times (x 69B)
Class org.gradle.api.internal.DefaultClassPathRegistry                                : loaded 2 times (x 74B)
Class org.gradle.api.internal.classpath.DefaultModuleRegistry$DefaultModule           : loaded 2 times (x 84B)
Class org.gradle.api.internal.classpath.UnknownModuleException                        : loaded 2 times (x 80B)
Class settings_bnkqdqmni9uy58glsgrd2zmhf$_run_closure1$_closure2                      : loaded 2 times (x 134B)
Class org.gradle.internal.service.ServiceLookupException                              : loaded 2 times (x 80B)
Class org.gradle.cache.GlobalCache                                                    : loaded 2 times (x 68B)
Class [Lorg.gradle.api.internal.ClassPathProvider;                                    : loaded 2 times (x 67B)
Class org.gradle.util.internal.GUtil                                                  : loaded 2 times (x 69B)
Class org.gradle.internal.classloader.ClassLoaderSpec                                 : loaded 2 times (x 69B)
Class build_22exlgqi8v0aqug92ieqrj1w6                                                 : loaded 2 times (x 178B)
Class org.gradle.internal.classloader.VisitableURLClassLoader                         : loaded 2 times (x 115B)
Class org.gradle.internal.Cast                                                        : loaded 2 times (x 69B)
Class org.gradle.api.internal.ClassPathRegistry                                       : loaded 2 times (x 68B)
Class org.gradle.internal.classloader.ClassLoaderHierarchy                            : loaded 2 times (x 68B)
Class org.gradle.internal.InternalTransformer                                         : loaded 2 times (x 68B)
Class org.gradle.internal.service.ServiceLocator                                      : loaded 2 times (x 68B)
Class org.gradle.internal.classpath.DefaultClassPath$ImmutableUniqueList              : loaded 2 times (x 159B)


---------------  S Y S T E M  ---------------

OS:
 Windows 11 , 64 bit Build 22621 (10.0.22621.3672)
OS uptime: 0 days 0:02 hours

CPU: total 8 (initial active 8) (4 cores per cpu, 2 threads per core) family 6 model 126 stepping 5 microcode 0xa8, cx8, cmov, fxsr, ht, mmx, 3dnowpref, sse, sse2, sse3, ssse3, sse4.1, sse4.2, popcnt, lzcnt, tsc, tscinvbit, avx, avx2, aes, erms, clmul, bmi1, bmi2, adx, avx512f, avx512dq, avx512cd, avx512bw, avx512vl, sha, fma, vzeroupper, avx512_vpopcntdq, avx512_vpclmulqdq, avx512_vaes, avx512_vnni, clflush, clflushopt, avx512_vbmi2, avx512_vbmi
Processor Information for all 8 processors :
  Max Mhz: 1201, Current Mhz: 1000, Mhz Limit: 996

Memory: 4k page, system-wide physical 7877M (784M free)
TotalPageFile size 19814M (AvailPageFile size 5M)
current process WorkingSet (physical memory assigned to process): 288M, peak: 288M
current process commit charge ("private bytes"): 321M, peak: 323M

vm_info: OpenJDK 64-Bit Server VM (17.0.9+0--11185874) for windows-amd64 JRE (17.0.9+0--11185874), built on Dec  6 2023 18:57:44 by "androidbuild" with MS VC++ 16.10 / 16.11 (VS2019)

END.
